

Started GET "/" for 127.0.0.1 at 2014-10-13 10:36:01 +0100

ActiveRecord::NoDatabaseError (FATAL:  database "railsconnect_development" does not exist
Run `$ bin/rake db:create db:migrate` to create your database):
  activerecord (4.1.6) lib/active_record/connection_adapters/postgresql_adapter.rb:898:in `rescue in connect'
  activerecord (4.1.6) lib/active_record/connection_adapters/postgresql_adapter.rb:888:in `connect'
  activerecord (4.1.6) lib/active_record/connection_adapters/postgresql_adapter.rb:568:in `initialize'
  activerecord (4.1.6) lib/active_record/connection_adapters/postgresql_adapter.rb:41:in `new'
  activerecord (4.1.6) lib/active_record/connection_adapters/postgresql_adapter.rb:41:in `postgresql_connection'
  activerecord (4.1.6) lib/active_record/connection_adapters/abstract/connection_pool.rb:435:in `new_connection'
  activerecord (4.1.6) lib/active_record/connection_adapters/abstract/connection_pool.rb:445:in `checkout_new_connection'
  activerecord (4.1.6) lib/active_record/connection_adapters/abstract/connection_pool.rb:416:in `acquire_connection'
  activerecord (4.1.6) lib/active_record/connection_adapters/abstract/connection_pool.rb:351:in `block in checkout'
  /Users/michael.scherbaum/.rvm/rubies/ruby-2.1.3/lib/ruby/2.1.0/monitor.rb:211:in `mon_synchronize'
  activerecord (4.1.6) lib/active_record/connection_adapters/abstract/connection_pool.rb:350:in `checkout'
  activerecord (4.1.6) lib/active_record/connection_adapters/abstract/connection_pool.rb:265:in `block in connection'
  /Users/michael.scherbaum/.rvm/rubies/ruby-2.1.3/lib/ruby/2.1.0/monitor.rb:211:in `mon_synchronize'
  activerecord (4.1.6) lib/active_record/connection_adapters/abstract/connection_pool.rb:264:in `connection'
  activerecord (4.1.6) lib/active_record/connection_adapters/abstract/connection_pool.rb:541:in `retrieve_connection'
  activerecord (4.1.6) lib/active_record/connection_handling.rb:113:in `retrieve_connection'
  activerecord (4.1.6) lib/active_record/connection_handling.rb:87:in `connection'
  activerecord (4.1.6) lib/active_record/query_cache.rb:51:in `restore_query_cache_settings'
  activerecord (4.1.6) lib/active_record/query_cache.rb:43:in `rescue in call'
  activerecord (4.1.6) lib/active_record/query_cache.rb:32:in `call'
  activerecord (4.1.6) lib/active_record/connection_adapters/abstract/connection_pool.rb:621:in `call'
  activerecord (4.1.6) lib/active_record/migration.rb:380:in `call'
  actionpack (4.1.6) lib/action_dispatch/middleware/callbacks.rb:29:in `block in call'
  activesupport (4.1.6) lib/active_support/callbacks.rb:82:in `run_callbacks'
  actionpack (4.1.6) lib/action_dispatch/middleware/callbacks.rb:27:in `call'
  actionpack (4.1.6) lib/action_dispatch/middleware/reloader.rb:73:in `call'
  actionpack (4.1.6) lib/action_dispatch/middleware/remote_ip.rb:76:in `call'
  actionpack (4.1.6) lib/action_dispatch/middleware/debug_exceptions.rb:17:in `call'
  actionpack (4.1.6) lib/action_dispatch/middleware/show_exceptions.rb:30:in `call'
  railties (4.1.6) lib/rails/rack/logger.rb:38:in `call_app'
  railties (4.1.6) lib/rails/rack/logger.rb:20:in `block in call'
  activesupport (4.1.6) lib/active_support/tagged_logging.rb:68:in `block in tagged'
  activesupport (4.1.6) lib/active_support/tagged_logging.rb:26:in `tagged'
  activesupport (4.1.6) lib/active_support/tagged_logging.rb:68:in `tagged'
  railties (4.1.6) lib/rails/rack/logger.rb:20:in `call'
  actionpack (4.1.6) lib/action_dispatch/middleware/request_id.rb:21:in `call'
  rack (1.5.2) lib/rack/methodoverride.rb:21:in `call'
  rack (1.5.2) lib/rack/runtime.rb:17:in `call'
  activesupport (4.1.6) lib/active_support/cache/strategy/local_cache_middleware.rb:26:in `call'
  rack (1.5.2) lib/rack/lock.rb:17:in `call'
  actionpack (4.1.6) lib/action_dispatch/middleware/static.rb:64:in `call'
  rack (1.5.2) lib/rack/sendfile.rb:112:in `call'
  railties (4.1.6) lib/rails/engine.rb:514:in `call'
  railties (4.1.6) lib/rails/application.rb:144:in `call'
  rack (1.5.2) lib/rack/lock.rb:17:in `call'
  rack (1.5.2) lib/rack/content_length.rb:14:in `call'
  rack (1.5.2) lib/rack/handler/webrick.rb:60:in `service'
  /Users/michael.scherbaum/.rvm/rubies/ruby-2.1.3/lib/ruby/2.1.0/webrick/httpserver.rb:138:in `service'
  /Users/michael.scherbaum/.rvm/rubies/ruby-2.1.3/lib/ruby/2.1.0/webrick/httpserver.rb:94:in `run'
  /Users/michael.scherbaum/.rvm/rubies/ruby-2.1.3/lib/ruby/2.1.0/webrick/server.rb:295:in `block in start_thread'


  Rendered /Users/michael.scherbaum/.rvm/gems/ruby-2.1.3/gems/actionpack-4.1.6/lib/action_dispatch/middleware/templates/rescues/_source.erb (0.4ms)
  Rendered /Users/michael.scherbaum/.rvm/gems/ruby-2.1.3/gems/actionpack-4.1.6/lib/action_dispatch/middleware/templates/rescues/_trace.html.erb (1.0ms)
  Rendered /Users/michael.scherbaum/.rvm/gems/ruby-2.1.3/gems/actionpack-4.1.6/lib/action_dispatch/middleware/templates/rescues/_request_and_response.html.erb (0.9ms)
  Rendered /Users/michael.scherbaum/.rvm/gems/ruby-2.1.3/gems/actionpack-4.1.6/lib/action_dispatch/middleware/templates/rescues/diagnostics.erb within rescues/layout (18.4ms)
  [1m[36m (7.6ms)[0m  [1mCREATE TABLE "schema_migrations" ("version" character varying(255) NOT NULL) [0m
  [1m[35m (13.0ms)[0m  CREATE UNIQUE INDEX  "unique_schema_migrations" ON "schema_migrations"  ("version")
  [1m[36mActiveRecord::SchemaMigration Load (0.4ms)[0m  [1mSELECT "schema_migrations".* FROM "schema_migrations"[0m


Started GET "/" for 127.0.0.1 at 2014-10-13 10:36:32 +0100
Processing by Rails::WelcomeController#index as HTML
  Rendered /Users/michael.scherbaum/.rvm/gems/ruby-2.1.3/gems/railties-4.1.6/lib/rails/templates/rails/welcome/index.html.erb (1.9ms)
Completed 200 OK in 19ms (Views: 8.5ms | ActiveRecord: 0.0ms)


Started GET "/" for 127.0.0.1 at 2014-10-13 10:44:38 +0100
Processing by Rails::WelcomeController#index as HTML
  Rendered /Users/michael.scherbaum/.rvm/gems/ruby-2.1.3/gems/railties-4.1.6/lib/rails/templates/rails/welcome/index.html.erb (1.3ms)
Completed 200 OK in 16ms (Views: 5.9ms | ActiveRecord: 0.0ms)


Started GET "/users/" for 127.0.0.1 at 2014-10-13 10:44:43 +0100

ActionController::RoutingError (No route matches [GET] "/users"):
  actionpack (4.1.6) lib/action_dispatch/middleware/debug_exceptions.rb:21:in `call'
  actionpack (4.1.6) lib/action_dispatch/middleware/show_exceptions.rb:30:in `call'
  railties (4.1.6) lib/rails/rack/logger.rb:38:in `call_app'
  railties (4.1.6) lib/rails/rack/logger.rb:20:in `block in call'
  activesupport (4.1.6) lib/active_support/tagged_logging.rb:68:in `block in tagged'
  activesupport (4.1.6) lib/active_support/tagged_logging.rb:26:in `tagged'
  activesupport (4.1.6) lib/active_support/tagged_logging.rb:68:in `tagged'
  railties (4.1.6) lib/rails/rack/logger.rb:20:in `call'
  actionpack (4.1.6) lib/action_dispatch/middleware/request_id.rb:21:in `call'
  rack (1.5.2) lib/rack/methodoverride.rb:21:in `call'
  rack (1.5.2) lib/rack/runtime.rb:17:in `call'
  activesupport (4.1.6) lib/active_support/cache/strategy/local_cache_middleware.rb:26:in `call'
  rack (1.5.2) lib/rack/lock.rb:17:in `call'
  actionpack (4.1.6) lib/action_dispatch/middleware/static.rb:64:in `call'
  rack (1.5.2) lib/rack/sendfile.rb:112:in `call'
  railties (4.1.6) lib/rails/engine.rb:514:in `call'
  railties (4.1.6) lib/rails/application.rb:144:in `call'
  rack (1.5.2) lib/rack/lock.rb:17:in `call'
  rack (1.5.2) lib/rack/content_length.rb:14:in `call'
  rack (1.5.2) lib/rack/handler/webrick.rb:60:in `service'
  /Users/michael.scherbaum/.rvm/rubies/ruby-2.1.3/lib/ruby/2.1.0/webrick/httpserver.rb:138:in `service'
  /Users/michael.scherbaum/.rvm/rubies/ruby-2.1.3/lib/ruby/2.1.0/webrick/httpserver.rb:94:in `run'
  /Users/michael.scherbaum/.rvm/rubies/ruby-2.1.3/lib/ruby/2.1.0/webrick/server.rb:295:in `block in start_thread'


  Rendered /Users/michael.scherbaum/.rvm/gems/ruby-2.1.3/gems/actionpack-4.1.6/lib/action_dispatch/middleware/templates/rescues/_trace.html.erb (0.8ms)
  Rendered /Users/michael.scherbaum/.rvm/gems/ruby-2.1.3/gems/actionpack-4.1.6/lib/action_dispatch/middleware/templates/routes/_table.html.erb (60.7ms)
  Rendered /Users/michael.scherbaum/.rvm/gems/ruby-2.1.3/gems/actionpack-4.1.6/lib/action_dispatch/middleware/templates/rescues/routing_error.html.erb within rescues/layout (73.8ms)
  [1m[36mActiveRecord::SchemaMigration Load (0.3ms)[0m  [1mSELECT "schema_migrations".* FROM "schema_migrations"[0m
Migrating to DeviseCreateUsers (20141013094541)
  [1m[35m (0.1ms)[0m  BEGIN
  [1m[36m (27.9ms)[0m  [1mCREATE TABLE "users" ("id" serial primary key, "email" character varying(255) DEFAULT '' NOT NULL, "encrypted_password" character varying(255) DEFAULT '' NOT NULL, "reset_password_token" character varying(255), "reset_password_sent_at" timestamp, "remember_created_at" timestamp, "sign_in_count" integer DEFAULT 0 NOT NULL, "current_sign_in_at" timestamp, "last_sign_in_at" timestamp, "current_sign_in_ip" inet, "last_sign_in_ip" inet, "created_at" timestamp, "updated_at" timestamp) [0m
  [1m[35m (1.0ms)[0m  CREATE UNIQUE INDEX  "index_users_on_email" ON "users"  ("email")
  [1m[36m (1.1ms)[0m  [1mCREATE UNIQUE INDEX  "index_users_on_reset_password_token" ON "users"  ("reset_password_token")[0m
  [1m[35mSQL (6.0ms)[0m  INSERT INTO "schema_migrations" ("version") VALUES ($1)  [["version", "20141013094541"]]
  [1m[36m (13.1ms)[0m  [1mCOMMIT[0m
  [1m[35mActiveRecord::SchemaMigration Load (0.3ms)[0m  SELECT "schema_migrations".* FROM "schema_migrations"


Started GET "/users/" for 127.0.0.1 at 2014-10-13 10:46:19 +0100
  [1m[36mActiveRecord::SchemaMigration Load (0.4ms)[0m  [1mSELECT "schema_migrations".* FROM "schema_migrations"[0m

ActionController::RoutingError (No route matches [GET] "/users"):
  actionpack (4.1.6) lib/action_dispatch/middleware/debug_exceptions.rb:21:in `call'
  actionpack (4.1.6) lib/action_dispatch/middleware/show_exceptions.rb:30:in `call'
  railties (4.1.6) lib/rails/rack/logger.rb:38:in `call_app'
  railties (4.1.6) lib/rails/rack/logger.rb:20:in `block in call'
  activesupport (4.1.6) lib/active_support/tagged_logging.rb:68:in `block in tagged'
  activesupport (4.1.6) lib/active_support/tagged_logging.rb:26:in `tagged'
  activesupport (4.1.6) lib/active_support/tagged_logging.rb:68:in `tagged'
  railties (4.1.6) lib/rails/rack/logger.rb:20:in `call'
  actionpack (4.1.6) lib/action_dispatch/middleware/request_id.rb:21:in `call'
  rack (1.5.2) lib/rack/methodoverride.rb:21:in `call'
  rack (1.5.2) lib/rack/runtime.rb:17:in `call'
  activesupport (4.1.6) lib/active_support/cache/strategy/local_cache_middleware.rb:26:in `call'
  rack (1.5.2) lib/rack/lock.rb:17:in `call'
  actionpack (4.1.6) lib/action_dispatch/middleware/static.rb:64:in `call'
  rack (1.5.2) lib/rack/sendfile.rb:112:in `call'
  railties (4.1.6) lib/rails/engine.rb:514:in `call'
  railties (4.1.6) lib/rails/application.rb:144:in `call'
  rack (1.5.2) lib/rack/lock.rb:17:in `call'
  rack (1.5.2) lib/rack/content_length.rb:14:in `call'
  rack (1.5.2) lib/rack/handler/webrick.rb:60:in `service'
  /Users/michael.scherbaum/.rvm/rubies/ruby-2.1.3/lib/ruby/2.1.0/webrick/httpserver.rb:138:in `service'
  /Users/michael.scherbaum/.rvm/rubies/ruby-2.1.3/lib/ruby/2.1.0/webrick/httpserver.rb:94:in `run'
  /Users/michael.scherbaum/.rvm/rubies/ruby-2.1.3/lib/ruby/2.1.0/webrick/server.rb:295:in `block in start_thread'


  Rendered /Users/michael.scherbaum/.rvm/gems/ruby-2.1.3/gems/actionpack-4.1.6/lib/action_dispatch/middleware/templates/rescues/_trace.html.erb (1.4ms)
  Rendered /Users/michael.scherbaum/.rvm/gems/ruby-2.1.3/gems/actionpack-4.1.6/lib/action_dispatch/middleware/templates/routes/_route.html.erb (1.3ms)
  Rendered /Users/michael.scherbaum/.rvm/gems/ruby-2.1.3/gems/actionpack-4.1.6/lib/action_dispatch/middleware/templates/routes/_table.html.erb (6.0ms)
  Rendered /Users/michael.scherbaum/.rvm/gems/ruby-2.1.3/gems/actionpack-4.1.6/lib/action_dispatch/middleware/templates/rescues/routing_error.html.erb within rescues/layout (28.1ms)


Started GET "/users/sign_up" for 127.0.0.1 at 2014-10-13 10:46:33 +0100
Processing by Devise::RegistrationsController#new as HTML
  Rendered /Users/michael.scherbaum/.rvm/gems/ruby-2.1.3/gems/devise-3.4.0/app/views/devise/shared/_links.html.erb (2.0ms)
  Rendered /Users/michael.scherbaum/.rvm/gems/ruby-2.1.3/gems/devise-3.4.0/app/views/devise/registrations/new.html.erb within layouts/application (26.9ms)
Completed 200 OK in 915ms (Views: 897.3ms | ActiveRecord: 2.0ms)


Started GET "/assets/application.css?body=1" for 127.0.0.1 at 2014-10-13 10:46:34 +0100


Started GET "/assets/jquery.js?body=1" for 127.0.0.1 at 2014-10-13 10:46:34 +0100


Started GET "/assets/jquery_ujs.js?body=1" for 127.0.0.1 at 2014-10-13 10:46:34 +0100


Started GET "/assets/turbolinks.js?body=1" for 127.0.0.1 at 2014-10-13 10:46:34 +0100


Started GET "/assets/application.js?body=1" for 127.0.0.1 at 2014-10-13 10:46:34 +0100


Started GET "/" for 127.0.0.1 at 2014-10-13 10:47:59 +0100
  [1m[36mActiveRecord::SchemaMigration Load (0.3ms)[0m  [1mSELECT "schema_migrations".* FROM "schema_migrations"[0m
Processing by Rails::WelcomeController#index as HTML
  Rendered /Users/michael.scherbaum/.rvm/gems/ruby-2.1.3/gems/railties-4.1.6/lib/rails/templates/rails/welcome/index.html.erb (1.1ms)
Completed 200 OK in 14ms (Views: 6.2ms | ActiveRecord: 0.0ms)


Started GET "/users/" for 127.0.0.1 at 2014-10-13 10:48:09 +0100

ActionController::RoutingError (No route matches [GET] "/users"):
  actionpack (4.1.6) lib/action_dispatch/middleware/debug_exceptions.rb:21:in `call'
  actionpack (4.1.6) lib/action_dispatch/middleware/show_exceptions.rb:30:in `call'
  railties (4.1.6) lib/rails/rack/logger.rb:38:in `call_app'
  railties (4.1.6) lib/rails/rack/logger.rb:20:in `block in call'
  activesupport (4.1.6) lib/active_support/tagged_logging.rb:68:in `block in tagged'
  activesupport (4.1.6) lib/active_support/tagged_logging.rb:26:in `tagged'
  activesupport (4.1.6) lib/active_support/tagged_logging.rb:68:in `tagged'
  railties (4.1.6) lib/rails/rack/logger.rb:20:in `call'
  actionpack (4.1.6) lib/action_dispatch/middleware/request_id.rb:21:in `call'
  rack (1.5.2) lib/rack/methodoverride.rb:21:in `call'
  rack (1.5.2) lib/rack/runtime.rb:17:in `call'
  activesupport (4.1.6) lib/active_support/cache/strategy/local_cache_middleware.rb:26:in `call'
  rack (1.5.2) lib/rack/lock.rb:17:in `call'
  actionpack (4.1.6) lib/action_dispatch/middleware/static.rb:64:in `call'
  rack (1.5.2) lib/rack/sendfile.rb:112:in `call'
  railties (4.1.6) lib/rails/engine.rb:514:in `call'
  railties (4.1.6) lib/rails/application.rb:144:in `call'
  rack (1.5.2) lib/rack/lock.rb:17:in `call'
  rack (1.5.2) lib/rack/content_length.rb:14:in `call'
  rack (1.5.2) lib/rack/handler/webrick.rb:60:in `service'
  /Users/michael.scherbaum/.rvm/rubies/ruby-2.1.3/lib/ruby/2.1.0/webrick/httpserver.rb:138:in `service'
  /Users/michael.scherbaum/.rvm/rubies/ruby-2.1.3/lib/ruby/2.1.0/webrick/httpserver.rb:94:in `run'
  /Users/michael.scherbaum/.rvm/rubies/ruby-2.1.3/lib/ruby/2.1.0/webrick/server.rb:295:in `block in start_thread'


  Rendered /Users/michael.scherbaum/.rvm/gems/ruby-2.1.3/gems/actionpack-4.1.6/lib/action_dispatch/middleware/templates/rescues/_trace.html.erb (0.9ms)
  Rendered /Users/michael.scherbaum/.rvm/gems/ruby-2.1.3/gems/actionpack-4.1.6/lib/action_dispatch/middleware/templates/routes/_route.html.erb (1.7ms)
  Rendered /Users/michael.scherbaum/.rvm/gems/ruby-2.1.3/gems/actionpack-4.1.6/lib/action_dispatch/middleware/templates/routes/_table.html.erb (5.3ms)
  Rendered /Users/michael.scherbaum/.rvm/gems/ruby-2.1.3/gems/actionpack-4.1.6/lib/action_dispatch/middleware/templates/rescues/routing_error.html.erb within rescues/layout (25.5ms)


Started GET "/users/sign_up" for 127.0.0.1 at 2014-10-13 10:48:16 +0100
Processing by Devise::RegistrationsController#new as HTML
  Rendered /Users/michael.scherbaum/.rvm/gems/ruby-2.1.3/gems/devise-3.4.0/app/views/devise/shared/_links.html.erb (1.1ms)
  Rendered /Users/michael.scherbaum/.rvm/gems/ruby-2.1.3/gems/devise-3.4.0/app/views/devise/registrations/new.html.erb within layouts/application (23.3ms)
Completed 200 OK in 77ms (Views: 68.2ms | ActiveRecord: 2.3ms)


Started GET "/assets/application.css?body=1" for 127.0.0.1 at 2014-10-13 10:48:16 +0100


Started GET "/assets/jquery.js?body=1" for 127.0.0.1 at 2014-10-13 10:48:16 +0100


Started GET "/assets/jquery_ujs.js?body=1" for 127.0.0.1 at 2014-10-13 10:48:16 +0100


Started GET "/assets/turbolinks.js?body=1" for 127.0.0.1 at 2014-10-13 10:48:16 +0100


Started GET "/assets/application.js?body=1" for 127.0.0.1 at 2014-10-13 10:48:16 +0100


Started POST "/users" for 127.0.0.1 at 2014-10-13 10:48:24 +0100
Processing by Devise::RegistrationsController#create as HTML
  Parameters: {"utf8"=>"✓", "authenticity_token"=>"INRynT+6o3d5RlFLM+dne/u8f85nVf08Fp4rOBpwdaQ=", "user"=>{"email"=>"michaelscherbaum@gmx.net", "password"=>"[FILTERED]", "password_confirmation"=>"[FILTERED]"}, "commit"=>"Sign up"}
  [1m[35m (0.2ms)[0m  BEGIN
  [1m[36mUser Exists (14.1ms)[0m  [1mSELECT  1 AS one FROM "users"  WHERE "users"."email" = 'michaelscherbaum@gmx.net' LIMIT 1[0m
  [1m[35mSQL (5.4ms)[0m  INSERT INTO "users" ("created_at", "email", "encrypted_password", "updated_at") VALUES ($1, $2, $3, $4) RETURNING "id"  [["created_at", "2014-10-13 09:48:24.651345"], ["email", "michaelscherbaum@gmx.net"], ["encrypted_password", "$2a$10$nqKYOI5G7KcY.LuZY24Kk.FKanmGzDsK8PHouTADJymvo0/LDFGtG"], ["updated_at", "2014-10-13 09:48:24.651345"]]
  [1m[36m (0.4ms)[0m  [1mCOMMIT[0m
  [1m[35m (0.1ms)[0m  BEGIN
  [1m[36mSQL (0.3ms)[0m  [1mUPDATE "users" SET "current_sign_in_at" = $1, "current_sign_in_ip" = $2, "last_sign_in_at" = $3, "last_sign_in_ip" = $4, "sign_in_count" = $5, "updated_at" = $6 WHERE "users"."id" = 1[0m  [["current_sign_in_at", "2014-10-13 09:48:24.664790"], ["current_sign_in_ip", "127.0.0.1/32"], ["last_sign_in_at", "2014-10-13 09:48:24.664790"], ["last_sign_in_ip", "127.0.0.1/32"], ["sign_in_count", 1], ["updated_at", "2014-10-13 09:48:24.666231"]]
  [1m[35m (0.3ms)[0m  COMMIT
Redirected to http://localhost:3000/
Completed 302 Found in 126ms (ActiveRecord: 21.0ms)


Started GET "/" for 127.0.0.1 at 2014-10-13 10:48:24 +0100
Processing by Rails::WelcomeController#index as HTML
  Rendered /Users/michael.scherbaum/.rvm/gems/ruby-2.1.3/gems/railties-4.1.6/lib/rails/templates/rails/welcome/index.html.erb (0.0ms)
Completed 200 OK in 2ms (Views: 0.9ms | ActiveRecord: 0.0ms)


Started GET "/users/" for 127.0.0.1 at 2014-10-13 10:48:32 +0100

ActionController::RoutingError (No route matches [GET] "/users"):
  actionpack (4.1.6) lib/action_dispatch/middleware/debug_exceptions.rb:21:in `call'
  actionpack (4.1.6) lib/action_dispatch/middleware/show_exceptions.rb:30:in `call'
  railties (4.1.6) lib/rails/rack/logger.rb:38:in `call_app'
  railties (4.1.6) lib/rails/rack/logger.rb:20:in `block in call'
  activesupport (4.1.6) lib/active_support/tagged_logging.rb:68:in `block in tagged'
  activesupport (4.1.6) lib/active_support/tagged_logging.rb:26:in `tagged'
  activesupport (4.1.6) lib/active_support/tagged_logging.rb:68:in `tagged'
  railties (4.1.6) lib/rails/rack/logger.rb:20:in `call'
  actionpack (4.1.6) lib/action_dispatch/middleware/request_id.rb:21:in `call'
  rack (1.5.2) lib/rack/methodoverride.rb:21:in `call'
  rack (1.5.2) lib/rack/runtime.rb:17:in `call'
  activesupport (4.1.6) lib/active_support/cache/strategy/local_cache_middleware.rb:26:in `call'
  rack (1.5.2) lib/rack/lock.rb:17:in `call'
  actionpack (4.1.6) lib/action_dispatch/middleware/static.rb:64:in `call'
  rack (1.5.2) lib/rack/sendfile.rb:112:in `call'
  railties (4.1.6) lib/rails/engine.rb:514:in `call'
  railties (4.1.6) lib/rails/application.rb:144:in `call'
  rack (1.5.2) lib/rack/lock.rb:17:in `call'
  rack (1.5.2) lib/rack/content_length.rb:14:in `call'
  rack (1.5.2) lib/rack/handler/webrick.rb:60:in `service'
  /Users/michael.scherbaum/.rvm/rubies/ruby-2.1.3/lib/ruby/2.1.0/webrick/httpserver.rb:138:in `service'
  /Users/michael.scherbaum/.rvm/rubies/ruby-2.1.3/lib/ruby/2.1.0/webrick/httpserver.rb:94:in `run'
  /Users/michael.scherbaum/.rvm/rubies/ruby-2.1.3/lib/ruby/2.1.0/webrick/server.rb:295:in `block in start_thread'


  Rendered /Users/michael.scherbaum/.rvm/gems/ruby-2.1.3/gems/actionpack-4.1.6/lib/action_dispatch/middleware/templates/rescues/_trace.html.erb (2.1ms)
  Rendered /Users/michael.scherbaum/.rvm/gems/ruby-2.1.3/gems/actionpack-4.1.6/lib/action_dispatch/middleware/templates/routes/_route.html.erb (1.3ms)
  Rendered /Users/michael.scherbaum/.rvm/gems/ruby-2.1.3/gems/actionpack-4.1.6/lib/action_dispatch/middleware/templates/routes/_table.html.erb (2.1ms)
  Rendered /Users/michael.scherbaum/.rvm/gems/ruby-2.1.3/gems/actionpack-4.1.6/lib/action_dispatch/middleware/templates/rescues/routing_error.html.erb within rescues/layout (24.3ms)


Started GET "/users/1" for 127.0.0.1 at 2014-10-13 10:49:22 +0100
  [1m[36mActiveRecord::SchemaMigration Load (0.3ms)[0m  [1mSELECT "schema_migrations".* FROM "schema_migrations"[0m

ActionController::RoutingError (No route matches [GET] "/users/1"):
  actionpack (4.1.6) lib/action_dispatch/middleware/debug_exceptions.rb:21:in `call'
  actionpack (4.1.6) lib/action_dispatch/middleware/show_exceptions.rb:30:in `call'
  railties (4.1.6) lib/rails/rack/logger.rb:38:in `call_app'
  railties (4.1.6) lib/rails/rack/logger.rb:20:in `block in call'
  activesupport (4.1.6) lib/active_support/tagged_logging.rb:68:in `block in tagged'
  activesupport (4.1.6) lib/active_support/tagged_logging.rb:26:in `tagged'
  activesupport (4.1.6) lib/active_support/tagged_logging.rb:68:in `tagged'
  railties (4.1.6) lib/rails/rack/logger.rb:20:in `call'
  actionpack (4.1.6) lib/action_dispatch/middleware/request_id.rb:21:in `call'
  rack (1.5.2) lib/rack/methodoverride.rb:21:in `call'
  rack (1.5.2) lib/rack/runtime.rb:17:in `call'
  activesupport (4.1.6) lib/active_support/cache/strategy/local_cache_middleware.rb:26:in `call'
  rack (1.5.2) lib/rack/lock.rb:17:in `call'
  actionpack (4.1.6) lib/action_dispatch/middleware/static.rb:64:in `call'
  rack (1.5.2) lib/rack/sendfile.rb:112:in `call'
  railties (4.1.6) lib/rails/engine.rb:514:in `call'
  railties (4.1.6) lib/rails/application.rb:144:in `call'
  rack (1.5.2) lib/rack/lock.rb:17:in `call'
  rack (1.5.2) lib/rack/content_length.rb:14:in `call'
  rack (1.5.2) lib/rack/handler/webrick.rb:60:in `service'
  /Users/michael.scherbaum/.rvm/rubies/ruby-2.1.3/lib/ruby/2.1.0/webrick/httpserver.rb:138:in `service'
  /Users/michael.scherbaum/.rvm/rubies/ruby-2.1.3/lib/ruby/2.1.0/webrick/httpserver.rb:94:in `run'
  /Users/michael.scherbaum/.rvm/rubies/ruby-2.1.3/lib/ruby/2.1.0/webrick/server.rb:295:in `block in start_thread'


  Rendered /Users/michael.scherbaum/.rvm/gems/ruby-2.1.3/gems/actionpack-4.1.6/lib/action_dispatch/middleware/templates/rescues/_trace.html.erb (1.2ms)
  Rendered /Users/michael.scherbaum/.rvm/gems/ruby-2.1.3/gems/actionpack-4.1.6/lib/action_dispatch/middleware/templates/routes/_route.html.erb (1.3ms)
  Rendered /Users/michael.scherbaum/.rvm/gems/ruby-2.1.3/gems/actionpack-4.1.6/lib/action_dispatch/middleware/templates/routes/_table.html.erb (3.9ms)
  Rendered /Users/michael.scherbaum/.rvm/gems/ruby-2.1.3/gems/actionpack-4.1.6/lib/action_dispatch/middleware/templates/rescues/routing_error.html.erb within rescues/layout (23.8ms)
  [1m[36mActiveRecord::SchemaMigration Load (0.3ms)[0m  [1mSELECT "schema_migrations".* FROM "schema_migrations"[0m
  [1m[35mActiveRecord::SchemaMigration Load (0.2ms)[0m  SELECT "schema_migrations".* FROM "schema_migrations"


Started GET "/" for 127.0.0.1 at 2014-10-13 10:54:14 +0100
  [1m[36mActiveRecord::SchemaMigration Load (0.4ms)[0m  [1mSELECT "schema_migrations".* FROM "schema_migrations"[0m
Processing by Rails::WelcomeController#index as HTML
  Rendered /Users/michael.scherbaum/.rvm/gems/ruby-2.1.3/gems/railties-4.1.6/lib/rails/templates/rails/welcome/index.html.erb (2.6ms)
Completed 200 OK in 19ms (Views: 9.1ms | ActiveRecord: 0.0ms)


Started GET "/" for 127.0.0.1 at 2014-10-13 10:55:10 +0100
  [1m[36mActiveRecord::SchemaMigration Load (0.3ms)[0m  [1mSELECT "schema_migrations".* FROM "schema_migrations"[0m

ActionController::RoutingError (uninitialized constant UsersController):
  activesupport (4.1.6) lib/active_support/inflector/methods.rb:238:in `const_get'
  activesupport (4.1.6) lib/active_support/inflector/methods.rb:238:in `block in constantize'
  activesupport (4.1.6) lib/active_support/inflector/methods.rb:236:in `each'
  activesupport (4.1.6) lib/active_support/inflector/methods.rb:236:in `inject'
  activesupport (4.1.6) lib/active_support/inflector/methods.rb:236:in `constantize'
  actionpack (4.1.6) lib/action_dispatch/routing/route_set.rb:78:in `controller_reference'
  actionpack (4.1.6) lib/action_dispatch/routing/route_set.rb:68:in `controller'
  actionpack (4.1.6) lib/action_dispatch/routing/route_set.rb:46:in `call'
  actionpack (4.1.6) lib/action_dispatch/journey/router.rb:73:in `block in call'
  actionpack (4.1.6) lib/action_dispatch/journey/router.rb:59:in `each'
  actionpack (4.1.6) lib/action_dispatch/journey/router.rb:59:in `call'
  actionpack (4.1.6) lib/action_dispatch/routing/route_set.rb:678:in `call'
  warden (1.2.3) lib/warden/manager.rb:35:in `block in call'
  warden (1.2.3) lib/warden/manager.rb:34:in `catch'
  warden (1.2.3) lib/warden/manager.rb:34:in `call'
  rack (1.5.2) lib/rack/etag.rb:23:in `call'
  rack (1.5.2) lib/rack/conditionalget.rb:25:in `call'
  rack (1.5.2) lib/rack/head.rb:11:in `call'
  actionpack (4.1.6) lib/action_dispatch/middleware/params_parser.rb:27:in `call'
  actionpack (4.1.6) lib/action_dispatch/middleware/flash.rb:254:in `call'
  rack (1.5.2) lib/rack/session/abstract/id.rb:225:in `context'
  rack (1.5.2) lib/rack/session/abstract/id.rb:220:in `call'
  actionpack (4.1.6) lib/action_dispatch/middleware/cookies.rb:560:in `call'
  activerecord (4.1.6) lib/active_record/query_cache.rb:36:in `call'
  activerecord (4.1.6) lib/active_record/connection_adapters/abstract/connection_pool.rb:621:in `call'
  activerecord (4.1.6) lib/active_record/migration.rb:380:in `call'
  actionpack (4.1.6) lib/action_dispatch/middleware/callbacks.rb:29:in `block in call'
  activesupport (4.1.6) lib/active_support/callbacks.rb:82:in `run_callbacks'
  actionpack (4.1.6) lib/action_dispatch/middleware/callbacks.rb:27:in `call'
  actionpack (4.1.6) lib/action_dispatch/middleware/reloader.rb:73:in `call'
  actionpack (4.1.6) lib/action_dispatch/middleware/remote_ip.rb:76:in `call'
  actionpack (4.1.6) lib/action_dispatch/middleware/debug_exceptions.rb:17:in `call'
  actionpack (4.1.6) lib/action_dispatch/middleware/show_exceptions.rb:30:in `call'
  railties (4.1.6) lib/rails/rack/logger.rb:38:in `call_app'
  railties (4.1.6) lib/rails/rack/logger.rb:20:in `block in call'
  activesupport (4.1.6) lib/active_support/tagged_logging.rb:68:in `block in tagged'
  activesupport (4.1.6) lib/active_support/tagged_logging.rb:26:in `tagged'
  activesupport (4.1.6) lib/active_support/tagged_logging.rb:68:in `tagged'
  railties (4.1.6) lib/rails/rack/logger.rb:20:in `call'
  actionpack (4.1.6) lib/action_dispatch/middleware/request_id.rb:21:in `call'
  rack (1.5.2) lib/rack/methodoverride.rb:21:in `call'
  rack (1.5.2) lib/rack/runtime.rb:17:in `call'
  activesupport (4.1.6) lib/active_support/cache/strategy/local_cache_middleware.rb:26:in `call'
  rack (1.5.2) lib/rack/lock.rb:17:in `call'
  actionpack (4.1.6) lib/action_dispatch/middleware/static.rb:64:in `call'
  rack (1.5.2) lib/rack/sendfile.rb:112:in `call'
  railties (4.1.6) lib/rails/engine.rb:514:in `call'
  railties (4.1.6) lib/rails/application.rb:144:in `call'
  rack (1.5.2) lib/rack/lock.rb:17:in `call'
  rack (1.5.2) lib/rack/content_length.rb:14:in `call'
  rack (1.5.2) lib/rack/handler/webrick.rb:60:in `service'
  /Users/michael.scherbaum/.rvm/rubies/ruby-2.1.3/lib/ruby/2.1.0/webrick/httpserver.rb:138:in `service'
  /Users/michael.scherbaum/.rvm/rubies/ruby-2.1.3/lib/ruby/2.1.0/webrick/httpserver.rb:94:in `run'
  /Users/michael.scherbaum/.rvm/rubies/ruby-2.1.3/lib/ruby/2.1.0/webrick/server.rb:295:in `block in start_thread'


  Rendered /Users/michael.scherbaum/.rvm/gems/ruby-2.1.3/gems/actionpack-4.1.6/lib/action_dispatch/middleware/templates/rescues/_trace.html.erb (1.3ms)
  Rendered /Users/michael.scherbaum/.rvm/gems/ruby-2.1.3/gems/actionpack-4.1.6/lib/action_dispatch/middleware/templates/routes/_route.html.erb (1.4ms)
  Rendered /Users/michael.scherbaum/.rvm/gems/ruby-2.1.3/gems/actionpack-4.1.6/lib/action_dispatch/middleware/templates/routes/_table.html.erb (4.1ms)
  Rendered /Users/michael.scherbaum/.rvm/gems/ruby-2.1.3/gems/actionpack-4.1.6/lib/action_dispatch/middleware/templates/rescues/routing_error.html.erb within rescues/layout (28.7ms)


Started GET "/" for 127.0.0.1 at 2014-10-13 10:57:06 +0100
  [1m[36mActiveRecord::SchemaMigration Load (0.3ms)[0m  [1mSELECT "schema_migrations".* FROM "schema_migrations"[0m
Processing by UserController#all as HTML
  [1m[35mUser Load (0.6ms)[0m  SELECT "users".* FROM "users"
  Rendered user/all.html.erb within layouts/application (15.7ms)
Completed 500 Internal Server Error in 32ms

ActionView::Template::Error (undefined method `image_url' for #<User:0x007fadded39b48>):
    1: <% @users = User.all %>
    2: <% @users.each do |user| %>
    3:   <%= image_tag user.image_url(:thumb).to_s %>
    4:   <%= user.email %><br/>
    5: <% end %>
  app/views/user/all.html.erb:3:in `block in _app_views_user_all_html_erb__2187371005721928809_70192372319520'
  app/views/user/all.html.erb:2:in `_app_views_user_all_html_erb__2187371005721928809_70192372319520'


  Rendered /Users/michael.scherbaum/.rvm/gems/ruby-2.1.3/gems/actionpack-4.1.6/lib/action_dispatch/middleware/templates/rescues/_trace.html.erb (1.4ms)
  Rendered /Users/michael.scherbaum/.rvm/gems/ruby-2.1.3/gems/actionpack-4.1.6/lib/action_dispatch/middleware/templates/rescues/_request_and_response.html.erb (1.2ms)
  Rendered /Users/michael.scherbaum/.rvm/gems/ruby-2.1.3/gems/actionpack-4.1.6/lib/action_dispatch/middleware/templates/rescues/template_error.html.erb within rescues/layout (14.0ms)


Started GET "/" for 127.0.0.1 at 2014-10-13 10:57:44 +0100
Processing by UserController#all as HTML
  [1m[36mUser Load (0.2ms)[0m  [1mSELECT "users".* FROM "users"[0m
  Rendered user/all.html.erb within layouts/application (1.1ms)
  [1m[35mUser Load (0.7ms)[0m  SELECT  "users".* FROM "users"  WHERE "users"."id" = 1  ORDER BY "users"."id" ASC LIMIT 1
  [1m[36mCACHE (0.0ms)[0m  [1mSELECT "users".* FROM "users"[0m
Completed 500 Internal Server Error in 144ms

ActionView::Template::Error (undefined method `image_url' for #<User:0x007faddebb9a98>):
    28: 
    29: <% @users = User.all %>
    30: <% @users.each do |user| %>
    31:   <%= image_tag user.image_url(:thumb).to_s %>
    32:   <%= user.email %><br/>
    33: <% end %>
    34: 
  app/views/layouts/application.html.erb:31:in `block in _app_views_layouts_application_html_erb___4296460070949278407_70192372304740'
  app/views/layouts/application.html.erb:30:in `_app_views_layouts_application_html_erb___4296460070949278407_70192372304740'


  Rendered /Users/michael.scherbaum/.rvm/gems/ruby-2.1.3/gems/actionpack-4.1.6/lib/action_dispatch/middleware/templates/rescues/_trace.html.erb (0.9ms)
  Rendered /Users/michael.scherbaum/.rvm/gems/ruby-2.1.3/gems/actionpack-4.1.6/lib/action_dispatch/middleware/templates/rescues/_request_and_response.html.erb (1.3ms)
  Rendered /Users/michael.scherbaum/.rvm/gems/ruby-2.1.3/gems/actionpack-4.1.6/lib/action_dispatch/middleware/templates/rescues/template_error.html.erb within rescues/layout (9.6ms)


Started GET "/" for 127.0.0.1 at 2014-10-13 10:58:04 +0100
Processing by UserController#all as HTML
  [1m[35mUser Load (0.2ms)[0m  SELECT "users".* FROM "users"
  Rendered user/all.html.erb within layouts/application (0.7ms)
  [1m[36mUser Load (0.4ms)[0m  [1mSELECT  "users".* FROM "users"  WHERE "users"."id" = 1  ORDER BY "users"."id" ASC LIMIT 1[0m
  [1m[35mCACHE (0.0ms)[0m  SELECT "users".* FROM "users"
Completed 200 OK in 34ms (Views: 32.1ms | ActiveRecord: 0.7ms)


Started GET "/assets/user.css?body=1" for 127.0.0.1 at 2014-10-13 10:58:04 +0100


Started GET "/assets/application.css?body=1" for 127.0.0.1 at 2014-10-13 10:58:04 +0100


Started GET "/assets/jquery.js?body=1" for 127.0.0.1 at 2014-10-13 10:58:04 +0100


Started GET "/assets/user.js?body=1" for 127.0.0.1 at 2014-10-13 10:58:04 +0100


Started GET "/assets/jquery_ujs.js?body=1" for 127.0.0.1 at 2014-10-13 10:58:04 +0100


Started GET "/assets/turbolinks.js?body=1" for 127.0.0.1 at 2014-10-13 10:58:04 +0100


Started GET "/assets/application.js?body=1" for 127.0.0.1 at 2014-10-13 10:58:04 +0100


Started GET "/" for 127.0.0.1 at 2014-10-13 10:58:14 +0100
Processing by UserController#all as HTML
  [1m[36mUser Load (0.2ms)[0m  [1mSELECT "users".* FROM "users"[0m
  Rendered user/all.html.erb within layouts/application (0.7ms)
  [1m[35mUser Load (0.4ms)[0m  SELECT  "users".* FROM "users"  WHERE "users"."id" = 1  ORDER BY "users"."id" ASC LIMIT 1
Completed 200 OK in 70ms (Views: 69.1ms | ActiveRecord: 0.6ms)


Started GET "/assets/application.js?body=1" for 127.0.0.1 at 2014-10-13 10:58:14 +0100


Started GET "/assets/user.css?body=1" for 127.0.0.1 at 2014-10-13 10:58:14 +0100


Started GET "/assets/jquery_ujs.js?body=1" for 127.0.0.1 at 2014-10-13 10:58:14 +0100


Started GET "/assets/application.css?body=1" for 127.0.0.1 at 2014-10-13 10:58:14 +0100


Started GET "/assets/jquery.js?body=1" for 127.0.0.1 at 2014-10-13 10:58:14 +0100


Started GET "/assets/turbolinks.js?body=1" for 127.0.0.1 at 2014-10-13 10:58:14 +0100


Started GET "/assets/user.js?body=1" for 127.0.0.1 at 2014-10-13 10:58:14 +0100


Started GET "/" for 127.0.0.1 at 2014-10-13 10:59:47 +0100
Processing by UserController#all as HTML
  [1m[36mUser Load (0.3ms)[0m  [1mSELECT "users".* FROM "users"[0m
  Rendered user/all.html.erb within layouts/application (0.9ms)
  [1m[35mUser Load (0.9ms)[0m  SELECT  "users".* FROM "users"  WHERE "users"."id" = 1  ORDER BY "users"."id" ASC LIMIT 1
  [1m[36mCACHE (0.0ms)[0m  [1mSELECT "users".* FROM "users"[0m
Completed 200 OK in 40ms (Views: 38.5ms | ActiveRecord: 1.2ms)


Started GET "/assets/application.js?body=1" for 127.0.0.1 at 2014-10-13 10:59:47 +0100


Started GET "/assets/user.css?body=1" for 127.0.0.1 at 2014-10-13 10:59:47 +0100


Started GET "/assets/application.css?body=1" for 127.0.0.1 at 2014-10-13 10:59:47 +0100


Started GET "/assets/jquery_ujs.js?body=1" for 127.0.0.1 at 2014-10-13 10:59:47 +0100


Started GET "/assets/jquery.js?body=1" for 127.0.0.1 at 2014-10-13 10:59:47 +0100


Started GET "/assets/turbolinks.js?body=1" for 127.0.0.1 at 2014-10-13 10:59:47 +0100


Started GET "/assets/user.js?body=1" for 127.0.0.1 at 2014-10-13 10:59:47 +0100


Started DELETE "/users/sign_out" for 127.0.0.1 at 2014-10-13 10:59:57 +0100
Processing by Devise::SessionsController#destroy as HTML
  Parameters: {"authenticity_token"=>"INRynT+6o3d5RlFLM+dne/u8f85nVf08Fp4rOBpwdaQ="}
  [1m[35mUser Load (0.4ms)[0m  SELECT  "users".* FROM "users"  WHERE "users"."id" = 1  ORDER BY "users"."id" ASC LIMIT 1
  [1m[36m (0.3ms)[0m  [1mBEGIN[0m
  [1m[35m (0.1ms)[0m  COMMIT
Redirected to http://localhost:3000/
Completed 302 Found in 13ms (ActiveRecord: 0.8ms)


Started GET "/" for 127.0.0.1 at 2014-10-13 10:59:57 +0100
Processing by UserController#all as HTML
  [1m[36mUser Load (0.2ms)[0m  [1mSELECT "users".* FROM "users"[0m
  Rendered user/all.html.erb within layouts/application (0.8ms)
  [1m[35mCACHE (0.0ms)[0m  SELECT "users".* FROM "users"
Completed 200 OK in 33ms (Views: 32.5ms | ActiveRecord: 0.3ms)


Started GET "/assets/application.js?body=1" for 127.0.0.1 at 2014-10-13 10:59:57 +0100


Started GET "/assets/user.css?body=1" for 127.0.0.1 at 2014-10-13 10:59:57 +0100


Started GET "/assets/application.css?body=1" for 127.0.0.1 at 2014-10-13 10:59:57 +0100


Started GET "/assets/jquery_ujs.js?body=1" for 127.0.0.1 at 2014-10-13 10:59:57 +0100


Started GET "/assets/turbolinks.js?body=1" for 127.0.0.1 at 2014-10-13 10:59:57 +0100


Started GET "/assets/jquery.js?body=1" for 127.0.0.1 at 2014-10-13 10:59:57 +0100


Started GET "/assets/user.js?body=1" for 127.0.0.1 at 2014-10-13 10:59:57 +0100


Started GET "/" for 127.0.0.1 at 2014-10-13 11:00:24 +0100
Processing by UserController#all as HTML
  [1m[36mUser Load (0.2ms)[0m  [1mSELECT "users".* FROM "users"[0m
  Rendered user/all.html.erb within layouts/application (0.6ms)
  [1m[35mCACHE (0.0ms)[0m  SELECT "users".* FROM "users"
Completed 200 OK in 31ms (Views: 30.5ms | ActiveRecord: 0.2ms)


Started GET "/assets/user.css?body=1" for 127.0.0.1 at 2014-10-13 11:00:25 +0100


Started GET "/assets/application.css?body=1" for 127.0.0.1 at 2014-10-13 11:00:25 +0100


Started GET "/assets/jquery_ujs.js?body=1" for 127.0.0.1 at 2014-10-13 11:00:25 +0100


Started GET "/assets/jquery.js?body=1" for 127.0.0.1 at 2014-10-13 11:00:25 +0100


Started GET "/assets/turbolinks.js?body=1" for 127.0.0.1 at 2014-10-13 11:00:25 +0100


Started GET "/assets/user.js?body=1" for 127.0.0.1 at 2014-10-13 11:00:25 +0100


Started GET "/assets/application.js?body=1" for 127.0.0.1 at 2014-10-13 11:00:25 +0100


Started GET "/" for 127.0.0.1 at 2014-10-13 11:02:09 +0100
Processing by Rails::WelcomeController#index as HTML
  Rendered /Users/michael.scherbaum/.rvm/gems/ruby-2.1.3/gems/railties-4.1.6/lib/rails/templates/rails/welcome/index.html.erb (1.0ms)
Completed 200 OK in 4ms (Views: 3.3ms | ActiveRecord: 0.0ms)


Started GET "/" for 127.0.0.1 at 2014-10-13 11:02:17 +0100
Processing by UserController#all as HTML
  [1m[36mUser Load (0.6ms)[0m  [1mSELECT "users".* FROM "users"[0m
  Rendered user/all.html.erb within layouts/application (10.6ms)
  [1m[35mCACHE (0.0ms)[0m  SELECT "users".* FROM "users"
Completed 200 OK in 41ms (Views: 37.0ms | ActiveRecord: 3.2ms)


Started GET "/assets/application.js?body=1" for 127.0.0.1 at 2014-10-13 11:02:17 +0100


Started GET "/assets/user.css?body=1" for 127.0.0.1 at 2014-10-13 11:02:17 +0100


Started GET "/assets/turbolinks.js?body=1" for 127.0.0.1 at 2014-10-13 11:02:17 +0100


Started GET "/assets/jquery.js?body=1" for 127.0.0.1 at 2014-10-13 11:02:17 +0100


Started GET "/assets/jquery_ujs.js?body=1" for 127.0.0.1 at 2014-10-13 11:02:17 +0100


Started GET "/assets/application.css?body=1" for 127.0.0.1 at 2014-10-13 11:02:17 +0100


Started GET "/assets/user.js?body=1" for 127.0.0.1 at 2014-10-13 11:02:17 +0100


Started GET "/user/1" for 127.0.0.1 at 2014-10-13 11:02:24 +0100

ActionController::RoutingError (No route matches [GET] "/user/1"):
  actionpack (4.1.6) lib/action_dispatch/middleware/debug_exceptions.rb:21:in `call'
  actionpack (4.1.6) lib/action_dispatch/middleware/show_exceptions.rb:30:in `call'
  railties (4.1.6) lib/rails/rack/logger.rb:38:in `call_app'
  railties (4.1.6) lib/rails/rack/logger.rb:20:in `block in call'
  activesupport (4.1.6) lib/active_support/tagged_logging.rb:68:in `block in tagged'
  activesupport (4.1.6) lib/active_support/tagged_logging.rb:26:in `tagged'
  activesupport (4.1.6) lib/active_support/tagged_logging.rb:68:in `tagged'
  railties (4.1.6) lib/rails/rack/logger.rb:20:in `call'
  actionpack (4.1.6) lib/action_dispatch/middleware/request_id.rb:21:in `call'
  rack (1.5.2) lib/rack/methodoverride.rb:21:in `call'
  rack (1.5.2) lib/rack/runtime.rb:17:in `call'
  activesupport (4.1.6) lib/active_support/cache/strategy/local_cache_middleware.rb:26:in `call'
  rack (1.5.2) lib/rack/lock.rb:17:in `call'
  actionpack (4.1.6) lib/action_dispatch/middleware/static.rb:64:in `call'
  rack (1.5.2) lib/rack/sendfile.rb:112:in `call'
  railties (4.1.6) lib/rails/engine.rb:514:in `call'
  railties (4.1.6) lib/rails/application.rb:144:in `call'
  rack (1.5.2) lib/rack/lock.rb:17:in `call'
  rack (1.5.2) lib/rack/content_length.rb:14:in `call'
  rack (1.5.2) lib/rack/handler/webrick.rb:60:in `service'
  /Users/michael.scherbaum/.rvm/rubies/ruby-2.1.3/lib/ruby/2.1.0/webrick/httpserver.rb:138:in `service'
  /Users/michael.scherbaum/.rvm/rubies/ruby-2.1.3/lib/ruby/2.1.0/webrick/httpserver.rb:94:in `run'
  /Users/michael.scherbaum/.rvm/rubies/ruby-2.1.3/lib/ruby/2.1.0/webrick/server.rb:295:in `block in start_thread'


  Rendered /Users/michael.scherbaum/.rvm/gems/ruby-2.1.3/gems/actionpack-4.1.6/lib/action_dispatch/middleware/templates/rescues/_trace.html.erb (0.9ms)
  Rendered /Users/michael.scherbaum/.rvm/gems/ruby-2.1.3/gems/actionpack-4.1.6/lib/action_dispatch/middleware/templates/routes/_route.html.erb (1.9ms)
  Rendered /Users/michael.scherbaum/.rvm/gems/ruby-2.1.3/gems/actionpack-4.1.6/lib/action_dispatch/middleware/templates/routes/_table.html.erb (4.1ms)
  Rendered /Users/michael.scherbaum/.rvm/gems/ruby-2.1.3/gems/actionpack-4.1.6/lib/action_dispatch/middleware/templates/rescues/routing_error.html.erb within rescues/layout (24.7ms)


Started GET "/users/1" for 127.0.0.1 at 2014-10-13 11:02:27 +0100

ActionController::RoutingError (No route matches [GET] "/users/1"):
  actionpack (4.1.6) lib/action_dispatch/middleware/debug_exceptions.rb:21:in `call'
  actionpack (4.1.6) lib/action_dispatch/middleware/show_exceptions.rb:30:in `call'
  railties (4.1.6) lib/rails/rack/logger.rb:38:in `call_app'
  railties (4.1.6) lib/rails/rack/logger.rb:20:in `block in call'
  activesupport (4.1.6) lib/active_support/tagged_logging.rb:68:in `block in tagged'
  activesupport (4.1.6) lib/active_support/tagged_logging.rb:26:in `tagged'
  activesupport (4.1.6) lib/active_support/tagged_logging.rb:68:in `tagged'
  railties (4.1.6) lib/rails/rack/logger.rb:20:in `call'
  actionpack (4.1.6) lib/action_dispatch/middleware/request_id.rb:21:in `call'
  rack (1.5.2) lib/rack/methodoverride.rb:21:in `call'
  rack (1.5.2) lib/rack/runtime.rb:17:in `call'
  activesupport (4.1.6) lib/active_support/cache/strategy/local_cache_middleware.rb:26:in `call'
  rack (1.5.2) lib/rack/lock.rb:17:in `call'
  actionpack (4.1.6) lib/action_dispatch/middleware/static.rb:64:in `call'
  rack (1.5.2) lib/rack/sendfile.rb:112:in `call'
  railties (4.1.6) lib/rails/engine.rb:514:in `call'
  railties (4.1.6) lib/rails/application.rb:144:in `call'
  rack (1.5.2) lib/rack/lock.rb:17:in `call'
  rack (1.5.2) lib/rack/content_length.rb:14:in `call'
  rack (1.5.2) lib/rack/handler/webrick.rb:60:in `service'
  /Users/michael.scherbaum/.rvm/rubies/ruby-2.1.3/lib/ruby/2.1.0/webrick/httpserver.rb:138:in `service'
  /Users/michael.scherbaum/.rvm/rubies/ruby-2.1.3/lib/ruby/2.1.0/webrick/httpserver.rb:94:in `run'
  /Users/michael.scherbaum/.rvm/rubies/ruby-2.1.3/lib/ruby/2.1.0/webrick/server.rb:295:in `block in start_thread'


  Rendered /Users/michael.scherbaum/.rvm/gems/ruby-2.1.3/gems/actionpack-4.1.6/lib/action_dispatch/middleware/templates/rescues/_trace.html.erb (0.9ms)
  Rendered /Users/michael.scherbaum/.rvm/gems/ruby-2.1.3/gems/actionpack-4.1.6/lib/action_dispatch/middleware/templates/routes/_route.html.erb (1.4ms)
  Rendered /Users/michael.scherbaum/.rvm/gems/ruby-2.1.3/gems/actionpack-4.1.6/lib/action_dispatch/middleware/templates/routes/_table.html.erb (0.9ms)
  Rendered /Users/michael.scherbaum/.rvm/gems/ruby-2.1.3/gems/actionpack-4.1.6/lib/action_dispatch/middleware/templates/rescues/routing_error.html.erb within rescues/layout (18.2ms)


Started GET "/contacts" for 127.0.0.1 at 2014-10-13 12:11:07 +0100
  [1m[36mActiveRecord::SchemaMigration Load (0.5ms)[0m  [1mSELECT "schema_migrations".* FROM "schema_migrations"[0m
Processing by SalesforceController#contacts as HTML
Completed 500 Internal Server Error in 12ms

NameError (uninitialized constant SalesforceController::Contact):
  app/controllers/salesforce_controller.rb:6:in `contacts'


  Rendered /Users/michael.scherbaum/.rvm/gems/ruby-2.1.3/gems/actionpack-4.1.6/lib/action_dispatch/middleware/templates/rescues/_source.erb (1.0ms)
  Rendered /Users/michael.scherbaum/.rvm/gems/ruby-2.1.3/gems/actionpack-4.1.6/lib/action_dispatch/middleware/templates/rescues/_trace.html.erb (1.7ms)
  Rendered /Users/michael.scherbaum/.rvm/gems/ruby-2.1.3/gems/actionpack-4.1.6/lib/action_dispatch/middleware/templates/rescues/_request_and_response.html.erb (0.8ms)
  Rendered /Users/michael.scherbaum/.rvm/gems/ruby-2.1.3/gems/actionpack-4.1.6/lib/action_dispatch/middleware/templates/rescues/diagnostics.erb within rescues/layout (18.0ms)


Started GET "/contacts" for 127.0.0.1 at 2014-10-13 12:11:38 +0100
Processing by SalesforceController#contacts as HTML
Completed 500 Internal Server Error in 3ms

NoMethodError (undefined method `+' for nil:NilClass):
  app/models/contact.rb:2:in `<class:Contact>'
  app/models/contact.rb:1:in `<top (required)>'
  app/controllers/salesforce_controller.rb:6:in `contacts'


  Rendered /Users/michael.scherbaum/.rvm/gems/ruby-2.1.3/gems/actionpack-4.1.6/lib/action_dispatch/middleware/templates/rescues/_source.erb (0.5ms)
  Rendered /Users/michael.scherbaum/.rvm/gems/ruby-2.1.3/gems/actionpack-4.1.6/lib/action_dispatch/middleware/templates/rescues/_trace.html.erb (0.8ms)
  Rendered /Users/michael.scherbaum/.rvm/gems/ruby-2.1.3/gems/actionpack-4.1.6/lib/action_dispatch/middleware/templates/rescues/_request_and_response.html.erb (0.8ms)
  Rendered /Users/michael.scherbaum/.rvm/gems/ruby-2.1.3/gems/actionpack-4.1.6/lib/action_dispatch/middleware/templates/rescues/diagnostics.erb within rescues/layout (11.1ms)


Started GET "/contacts" for 127.0.0.1 at 2014-10-13 12:12:34 +0100
  [1m[36mActiveRecord::SchemaMigration Load (0.5ms)[0m  [1mSELECT "schema_migrations".* FROM "schema_migrations"[0m
Processing by SalesforceController#contacts as HTML
  Rendered salesforce/contacts.html.erb within layouts/application (14.8ms)
Completed 500 Internal Server Error in 30ms

ActionView::Template::Error (Missing partial shared/_menu with {:locale=>[:en], :formats=>[:html], :variants=>[], :handlers=>[:erb, :builder, :raw, :ruby, :jbuilder, :coffee]}. Searched in:
  * "/Users/michael.scherbaum/svn/railsconnect/app/views"
  * "/Users/michael.scherbaum/.rvm/gems/ruby-2.1.3/gems/devise-3.4.0/app/views"
):
    1: <%= render "shared/menu" %>
    2: 
    3: 
    4: <div class="row">
  app/views/salesforce/contacts.html.erb:1:in `_app_views_salesforce_contacts_html_erb___3281316704531052650_70125098898720'


  Rendered /Users/michael.scherbaum/.rvm/gems/ruby-2.1.3/gems/actionpack-4.1.6/lib/action_dispatch/middleware/templates/rescues/_trace.html.erb (0.9ms)
  Rendered /Users/michael.scherbaum/.rvm/gems/ruby-2.1.3/gems/actionpack-4.1.6/lib/action_dispatch/middleware/templates/rescues/_request_and_response.html.erb (0.7ms)
  Rendered /Users/michael.scherbaum/.rvm/gems/ruby-2.1.3/gems/actionpack-4.1.6/lib/action_dispatch/middleware/templates/rescues/template_error.html.erb within rescues/layout (8.2ms)


Started GET "/contacts" for 127.0.0.1 at 2014-10-13 12:13:11 +0100
Processing by SalesforceController#contacts as HTML
  Rendered salesforce/contacts.html.erb within layouts/application (1.0ms)
Completed 500 Internal Server Error in 3ms

ActionView::Template::Error (undefined method `each' for nil:NilClass):
    10:         <th>Salesforce Id</th>
    11:         <th>Created Date</th>
    12:     </tr>
    13:     <% @products.each do |product| %>
    14:     <tr>
    15:         <td><%= product.name %></td>
    16:         <td><%= product.ean__c %> </td>
  app/views/salesforce/contacts.html.erb:13:in `_app_views_salesforce_contacts_html_erb___3281316704531052650_70125097721260'


  Rendered /Users/michael.scherbaum/.rvm/gems/ruby-2.1.3/gems/actionpack-4.1.6/lib/action_dispatch/middleware/templates/rescues/_trace.html.erb (1.0ms)
  Rendered /Users/michael.scherbaum/.rvm/gems/ruby-2.1.3/gems/actionpack-4.1.6/lib/action_dispatch/middleware/templates/rescues/_request_and_response.html.erb (0.7ms)
  Rendered /Users/michael.scherbaum/.rvm/gems/ruby-2.1.3/gems/actionpack-4.1.6/lib/action_dispatch/middleware/templates/rescues/template_error.html.erb within rescues/layout (10.2ms)


Started GET "/contacts" for 127.0.0.1 at 2014-10-13 12:15:02 +0100
Processing by SalesforceController#contacts as HTML
  [1m[35mContact Load (0.8ms)[0m  SELECT "salesforce"."contact".* FROM "salesforce"."contact"
PG::UndefinedTable: ERROR:  relation "salesforce.contact" does not exist
LINE 1: SELECT "salesforce"."contact".* FROM "salesforce"."contact"
                                             ^
: SELECT "salesforce"."contact".* FROM "salesforce"."contact"
  Rendered salesforce/contacts.html.erb within layouts/application (14.9ms)
Completed 500 Internal Server Error in 17ms

ActionView::Template::Error (PG::UndefinedTable: ERROR:  relation "salesforce.contact" does not exist
LINE 1: SELECT "salesforce"."contact".* FROM "salesforce"."contact"
                                             ^
: SELECT "salesforce"."contact".* FROM "salesforce"."contact"):
     9:         <th>Email</th>
    10:         <th>Last Modified Date</th>
    11:     </tr>
    12:     <% @contacts.each do |contact| %>
    13:     <tr>
    14:         <td><%= product.firstname %></td>
    15:         <td><%= product.lastname %> </td>
  app/views/salesforce/contacts.html.erb:12:in `_app_views_salesforce_contacts_html_erb___3281316704531052650_70125091699160'


  Rendered /Users/michael.scherbaum/.rvm/gems/ruby-2.1.3/gems/actionpack-4.1.6/lib/action_dispatch/middleware/templates/rescues/_trace.html.erb (1.0ms)
  Rendered /Users/michael.scherbaum/.rvm/gems/ruby-2.1.3/gems/actionpack-4.1.6/lib/action_dispatch/middleware/templates/rescues/_request_and_response.html.erb (0.8ms)
  Rendered /Users/michael.scherbaum/.rvm/gems/ruby-2.1.3/gems/actionpack-4.1.6/lib/action_dispatch/middleware/templates/rescues/template_error.html.erb within rescues/layout (9.0ms)


Started GET "/contacts" for 127.0.0.1 at 2014-10-13 12:15:14 +0100
Processing by SalesforceController#contacts as HTML
  [1m[36mContact Load (0.3ms)[0m  [1mSELECT "salesforce"."contact".* FROM "salesforce"."contact"[0m
PG::UndefinedTable: ERROR:  relation "salesforce.contact" does not exist
LINE 1: SELECT "salesforce"."contact".* FROM "salesforce"."contact"
                                             ^
: SELECT "salesforce"."contact".* FROM "salesforce"."contact"
  Rendered salesforce/contacts.html.erb within layouts/application (1.9ms)
Completed 500 Internal Server Error in 4ms

ActionView::Template::Error (PG::UndefinedTable: ERROR:  relation "salesforce.contact" does not exist
LINE 1: SELECT "salesforce"."contact".* FROM "salesforce"."contact"
                                             ^
: SELECT "salesforce"."contact".* FROM "salesforce"."contact"):
     9:         <th>Email</th>
    10:         <th>Last Modified Date</th>
    11:     </tr>
    12:     <% @contacts.each do |contact| %>
    13:     <tr>
    14:         <td><%= contact.firstname %></td>
    15:         <td><%= contact.lastname %> </td>
  app/views/salesforce/contacts.html.erb:12:in `_app_views_salesforce_contacts_html_erb___3281316704531052650_70125086989180'


  Rendered /Users/michael.scherbaum/.rvm/gems/ruby-2.1.3/gems/actionpack-4.1.6/lib/action_dispatch/middleware/templates/rescues/_trace.html.erb (1.1ms)
  Rendered /Users/michael.scherbaum/.rvm/gems/ruby-2.1.3/gems/actionpack-4.1.6/lib/action_dispatch/middleware/templates/rescues/_request_and_response.html.erb (0.8ms)
  Rendered /Users/michael.scherbaum/.rvm/gems/ruby-2.1.3/gems/actionpack-4.1.6/lib/action_dispatch/middleware/templates/rescues/template_error.html.erb within rescues/layout (10.4ms)


Started GET "/contacts" for 127.0.0.1 at 2014-10-13 12:16:28 +0100
Processing by SalesforceController#contacts as HTML
  [1m[35mContact Load (0.4ms)[0m  SELECT "salesforce"."contact".* FROM "salesforce"."contact"
PG::UndefinedTable: ERROR:  relation "salesforce.contact" does not exist
LINE 1: SELECT "salesforce"."contact".* FROM "salesforce"."contact"
                                             ^
: SELECT "salesforce"."contact".* FROM "salesforce"."contact"
  Rendered salesforce/contacts.html.erb within layouts/application (13.9ms)
Completed 500 Internal Server Error in 18ms

ActionView::Template::Error (PG::UndefinedTable: ERROR:  relation "salesforce.contact" does not exist
LINE 1: SELECT "salesforce"."contact".* FROM "salesforce"."contact"
                                             ^
: SELECT "salesforce"."contact".* FROM "salesforce"."contact"):
     9:         <th>Email</th>
    10:         <th>Last Modified Date</th>
    11:     </tr>
    12:     <% @contacts.each do |contact| %>
    13:     <tr>
    14:         <td><%= contact.firstname %></td>
    15:         <td><%= contact.lastname %> </td>
  app/views/salesforce/contacts.html.erb:12:in `_app_views_salesforce_contacts_html_erb___3281316704531052650_70125084836780'


  Rendered /Users/michael.scherbaum/.rvm/gems/ruby-2.1.3/gems/actionpack-4.1.6/lib/action_dispatch/middleware/templates/rescues/_trace.html.erb (0.8ms)
  Rendered /Users/michael.scherbaum/.rvm/gems/ruby-2.1.3/gems/actionpack-4.1.6/lib/action_dispatch/middleware/templates/rescues/_request_and_response.html.erb (1.2ms)
  Rendered /Users/michael.scherbaum/.rvm/gems/ruby-2.1.3/gems/actionpack-4.1.6/lib/action_dispatch/middleware/templates/rescues/template_error.html.erb within rescues/layout (9.2ms)


Started GET "/contacts" for 127.0.0.1 at 2014-10-13 12:18:33 +0100
Processing by SalesforceController#contacts as HTML
  [1m[36mContact Load (0.4ms)[0m  [1mSELECT "salesforce"."contact".* FROM "salesforce"."contact"[0m
PG::UndefinedTable: ERROR:  relation "salesforce.contact" does not exist
LINE 1: SELECT "salesforce"."contact".* FROM "salesforce"."contact"
                                             ^
: SELECT "salesforce"."contact".* FROM "salesforce"."contact"
  Rendered salesforce/contacts.html.erb within layouts/application (16.7ms)
Completed 500 Internal Server Error in 23ms

ActionView::Template::Error (PG::UndefinedTable: ERROR:  relation "salesforce.contact" does not exist
LINE 1: SELECT "salesforce"."contact".* FROM "salesforce"."contact"
                                             ^
: SELECT "salesforce"."contact".* FROM "salesforce"."contact"):
     9:         <th>Email</th>
    10:         <th>Last Modified Date</th>
    11:     </tr>
    12:     <% @contacts.each do |contact| %>
    13:     <tr>
    14:         <td><%= contact.firstname %></td>
    15:         <td><%= contact.lastname %> </td>
  app/views/salesforce/contacts.html.erb:12:in `_app_views_salesforce_contacts_html_erb___3281316704531052650_70125070346440'


  Rendered /Users/michael.scherbaum/.rvm/gems/ruby-2.1.3/gems/actionpack-4.1.6/lib/action_dispatch/middleware/templates/rescues/_trace.html.erb (1.4ms)
  Rendered /Users/michael.scherbaum/.rvm/gems/ruby-2.1.3/gems/actionpack-4.1.6/lib/action_dispatch/middleware/templates/rescues/_request_and_response.html.erb (0.7ms)
  Rendered /Users/michael.scherbaum/.rvm/gems/ruby-2.1.3/gems/actionpack-4.1.6/lib/action_dispatch/middleware/templates/rescues/template_error.html.erb within rescues/layout (12.1ms)


Started GET "/contacts" for 127.0.0.1 at 2014-10-13 12:18:45 +0100
  [1m[36mActiveRecord::SchemaMigration Load (0.5ms)[0m  [1mSELECT "schema_migrations".* FROM "schema_migrations"[0m
Processing by SalesforceController#contacts as HTML
  [1m[35mContact Load (1.1ms)[0m  SELECT "salesforce"."contact".* FROM "salesforce"."contact"
  Rendered salesforce/contacts.html.erb within layouts/application (35.4ms)
  [1m[36mUser Load (0.7ms)[0m  [1mSELECT "users".* FROM "users"[0m
Completed 200 OK in 123ms (Views: 98.5ms | ActiveRecord: 11.5ms)


Started GET "/assets/user.css?body=1" for 127.0.0.1 at 2014-10-13 12:18:45 +0100


Started GET "/assets/application.css?body=1" for 127.0.0.1 at 2014-10-13 12:18:45 +0100


Started GET "/assets/jquery.js?body=1" for 127.0.0.1 at 2014-10-13 12:18:45 +0100


Started GET "/assets/jquery_ujs.js?body=1" for 127.0.0.1 at 2014-10-13 12:18:45 +0100


Started GET "/assets/application.js?body=1" for 127.0.0.1 at 2014-10-13 12:18:45 +0100


Started GET "/assets/turbolinks.js?body=1" for 127.0.0.1 at 2014-10-13 12:18:45 +0100


Started GET "/assets/user.js?body=1" for 127.0.0.1 at 2014-10-13 12:18:45 +0100


Started GET "/contacts" for 127.0.0.1 at 2014-10-13 12:19:21 +0100
Processing by SalesforceController#contacts as HTML
  [1m[35mContact Load (0.8ms)[0m  SELECT "salesforce"."contact".* FROM "salesforce"."contact"
  Rendered salesforce/contacts.html.erb within layouts/application (25.7ms)
  [1m[36mUser Load (0.5ms)[0m  [1mSELECT "users".* FROM "users"[0m
Completed 200 OK in 54ms (Views: 42.8ms | ActiveRecord: 9.0ms)


Started GET "/assets/user.css?body=1" for 127.0.0.1 at 2014-10-13 12:19:21 +0100


Started GET "/assets/application.css?body=1" for 127.0.0.1 at 2014-10-13 12:19:21 +0100


Started GET "/assets/jquery.js?body=1" for 127.0.0.1 at 2014-10-13 12:19:21 +0100


Started GET "/assets/application.js?body=1" for 127.0.0.1 at 2014-10-13 12:19:21 +0100


Started GET "/assets/user.js?body=1" for 127.0.0.1 at 2014-10-13 12:19:21 +0100


Started GET "/assets/turbolinks.js?body=1" for 127.0.0.1 at 2014-10-13 12:19:21 +0100


Started GET "/assets/jquery_ujs.js?body=1" for 127.0.0.1 at 2014-10-13 12:19:21 +0100


Started GET "/contacts" for 127.0.0.1 at 2014-10-13 12:19:30 +0100
  [1m[36mActiveRecord::SchemaMigration Load (0.4ms)[0m  [1mSELECT "schema_migrations".* FROM "schema_migrations"[0m
Processing by SalesforceController#contacts as HTML
  [1m[35mContact Load (1.1ms)[0m  SELECT "salesforce"."contact".* FROM "salesforce"."contact"
  Rendered salesforce/contacts.html.erb within layouts/application (36.0ms)
  [1m[36mUser Load (0.7ms)[0m  [1mSELECT "users".* FROM "users"[0m
Completed 200 OK in 102ms (Views: 80.9ms | ActiveRecord: 8.3ms)


Started GET "/assets/user.js?body=1" for 127.0.0.1 at 2014-10-13 12:19:30 +0100


Started GET "/assets/application.js?body=1" for 127.0.0.1 at 2014-10-13 12:19:30 +0100


Started GET "/assets/user.css?body=1" for 127.0.0.1 at 2014-10-13 12:19:30 +0100


Started GET "/assets/application.css?body=1" for 127.0.0.1 at 2014-10-13 12:19:30 +0100


Started GET "/assets/turbolinks.js?body=1" for 127.0.0.1 at 2014-10-13 12:19:30 +0100


Started GET "/assets/jquery.js?body=1" for 127.0.0.1 at 2014-10-13 12:19:30 +0100


Started GET "/assets/jquery_ujs.js?body=1" for 127.0.0.1 at 2014-10-13 12:19:30 +0100


Started GET "/" for 127.0.0.1 at 2014-10-13 12:19:36 +0100
Processing by SalesforceController#contacts as HTML
  [1m[35mContact Load (0.9ms)[0m  SELECT "salesforce"."contact".* FROM "salesforce"."contact"
  Rendered salesforce/contacts.html.erb within layouts/application (8.7ms)
  [1m[36mUser Load (0.8ms)[0m  [1mSELECT "users".* FROM "users"[0m
Completed 200 OK in 37ms (Views: 34.9ms | ActiveRecord: 1.7ms)


Started GET "/assets/user.css?body=1" for 127.0.0.1 at 2014-10-13 12:19:36 +0100


Started GET "/assets/application.css?body=1" for 127.0.0.1 at 2014-10-13 12:19:36 +0100


Started GET "/assets/jquery.js?body=1" for 127.0.0.1 at 2014-10-13 12:19:36 +0100


Started GET "/assets/jquery_ujs.js?body=1" for 127.0.0.1 at 2014-10-13 12:19:36 +0100


Started GET "/assets/application.js?body=1" for 127.0.0.1 at 2014-10-13 12:19:36 +0100


Started GET "/assets/turbolinks.js?body=1" for 127.0.0.1 at 2014-10-13 12:19:36 +0100


Started GET "/assets/user.js?body=1" for 127.0.0.1 at 2014-10-13 12:19:36 +0100


Started GET "/" for 127.0.0.1 at 2014-10-13 12:37:19 +0100
  [1m[36mActiveRecord::SchemaMigration Load (0.6ms)[0m  [1mSELECT "schema_migrations".* FROM "schema_migrations"[0m
Processing by SalesforceController#contacts as HTML
  [1m[35mContact Load (2.2ms)[0m  SELECT "salesforce"."contact".* FROM "salesforce"."contact"
  Rendered salesforce/contacts.html.erb within layouts/application (43.3ms)
  [1m[36mUser Load (0.6ms)[0m  [1mSELECT "users".* FROM "users"[0m
Completed 200 OK in 113ms (Views: 89.8ms | ActiveRecord: 11.5ms)


Started GET "/assets/user.js?body=1" for 127.0.0.1 at 2014-10-13 12:37:19 +0100


Started GET "/assets/user.css?body=1" for 127.0.0.1 at 2014-10-13 12:37:19 +0100


Started GET "/assets/application.css?body=1" for 127.0.0.1 at 2014-10-13 12:37:19 +0100


Started GET "/assets/turbolinks.js?body=1" for 127.0.0.1 at 2014-10-13 12:37:19 +0100


Started GET "/assets/application.js?body=1" for 127.0.0.1 at 2014-10-13 12:37:19 +0100


Started GET "/assets/jquery.js?body=1" for 127.0.0.1 at 2014-10-13 12:37:19 +0100


Started GET "/assets/jquery_ujs.js?body=1" for 127.0.0.1 at 2014-10-13 12:37:19 +0100


Started GET "/contacts" for 127.0.0.1 at 2014-10-13 12:37:24 +0100
Processing by SalesforceController#contacts as HTML
  [1m[35mContact Load (0.4ms)[0m  SELECT "salesforce"."contact".* FROM "salesforce"."contact"
  Rendered salesforce/contacts.html.erb within layouts/application (8.6ms)
  [1m[36mUser Load (0.5ms)[0m  [1mSELECT "users".* FROM "users"[0m
Completed 200 OK in 35ms (Views: 33.6ms | ActiveRecord: 0.9ms)


Started GET "/assets/application.js?body=1" for 127.0.0.1 at 2014-10-13 12:37:24 +0100


Started GET "/assets/jquery_ujs.js?body=1" for 127.0.0.1 at 2014-10-13 12:37:24 +0100


Started GET "/assets/jquery.js?body=1" for 127.0.0.1 at 2014-10-13 12:37:24 +0100


Started GET "/assets/turbolinks.js?body=1" for 127.0.0.1 at 2014-10-13 12:37:24 +0100


Started GET "/assets/application.css?body=1" for 127.0.0.1 at 2014-10-13 12:37:24 +0100


Started GET "/" for 127.0.0.1 at 2014-10-13 12:38:28 +0100
  [1m[36mActiveRecord::SchemaMigration Load (0.4ms)[0m  [1mSELECT "schema_migrations".* FROM "schema_migrations"[0m
Processing by SalesforceController#contacts as HTML
  [1m[35mContact Load (0.9ms)[0m  SELECT "salesforce"."contact".* FROM "salesforce"."contact"
  Rendered salesforce/contacts.html.erb within layouts/application (31.2ms)
  [1m[36mUser Load (0.6ms)[0m  [1mSELECT "users".* FROM "users"[0m
Completed 200 OK in 94ms (Views: 73.2ms | ActiveRecord: 9.0ms)


Started GET "/assets/application.css?body=1" for 127.0.0.1 at 2014-10-13 12:38:28 +0100


Started GET "/assets/jquery.js?body=1" for 127.0.0.1 at 2014-10-13 12:38:28 +0100


Started GET "/assets/turbolinks.js?body=1" for 127.0.0.1 at 2014-10-13 12:38:28 +0100


Started GET "/assets/application.js?body=1" for 127.0.0.1 at 2014-10-13 12:38:28 +0100


Started GET "/assets/jquery_ujs.js?body=1" for 127.0.0.1 at 2014-10-13 12:38:28 +0100


Started GET "/users" for 127.0.0.1 at 2014-10-13 12:38:31 +0100
Processing by UserController#all as HTML
  [1m[35mUser Load (0.3ms)[0m  SELECT "users".* FROM "users"
  Rendered user/all.html.erb within layouts/application (1.1ms)
  [1m[36mCACHE (0.0ms)[0m  [1mSELECT "users".* FROM "users"[0m
Completed 200 OK in 33ms (Views: 32.3ms | ActiveRecord: 0.4ms)


Started GET "/assets/jquery.js?body=1" for 127.0.0.1 at 2014-10-13 12:38:31 +0100


Started GET "/assets/application.css?body=1" for 127.0.0.1 at 2014-10-13 12:38:31 +0100


Started GET "/assets/turbolinks.js?body=1" for 127.0.0.1 at 2014-10-13 12:38:31 +0100


Started GET "/assets/jquery_ujs.js?body=1" for 127.0.0.1 at 2014-10-13 12:38:31 +0100


Started GET "/assets/application.js?body=1" for 127.0.0.1 at 2014-10-13 12:38:31 +0100


Started GET "/contacts" for 127.0.0.1 at 2014-10-13 12:38:37 +0100
Processing by SalesforceController#contacts as HTML
  [1m[35mContact Load (0.4ms)[0m  SELECT "salesforce"."contact".* FROM "salesforce"."contact"
  Rendered salesforce/contacts.html.erb within layouts/application (7.1ms)
  [1m[36mUser Load (0.4ms)[0m  [1mSELECT "users".* FROM "users"[0m
Completed 200 OK in 34ms (Views: 32.6ms | ActiveRecord: 0.8ms)


Started GET "/assets/jquery.js?body=1" for 127.0.0.1 at 2014-10-13 12:38:37 +0100


Started GET "/assets/jquery_ujs.js?body=1" for 127.0.0.1 at 2014-10-13 12:38:37 +0100


Started GET "/assets/application.css?body=1" for 127.0.0.1 at 2014-10-13 12:38:37 +0100


Started GET "/assets/turbolinks.js?body=1" for 127.0.0.1 at 2014-10-13 12:38:37 +0100


Started GET "/assets/application.js?body=1" for 127.0.0.1 at 2014-10-13 12:38:37 +0100


Started GET "/" for 127.0.0.1 at 2014-10-13 12:39:21 +0100
  [1m[36mActiveRecord::SchemaMigration Load (0.4ms)[0m  [1mSELECT "schema_migrations".* FROM "schema_migrations"[0m
Processing by Rails::WelcomeController#index as HTML
  Rendered /Users/michael.scherbaum/.rvm/gems/ruby-2.1.3/gems/railties-4.1.6/lib/rails/templates/rails/welcome/index.html.erb (1.5ms)
Completed 200 OK in 13ms (Views: 5.6ms | ActiveRecord: 0.0ms)


Started GET "/contacts" for 127.0.0.1 at 2014-10-13 12:39:28 +0100
Processing by SalesforceController#contacts as HTML
  [1m[35mContact Load (1.2ms)[0m  SELECT "salesforce"."contact".* FROM "salesforce"."contact"
  Rendered salesforce/contacts.html.erb within layouts/application (32.7ms)
  [1m[36mUser Load (0.6ms)[0m  [1mSELECT "users".* FROM "users"[0m
Completed 200 OK in 83ms (Views: 68.4ms | ActiveRecord: 10.6ms)


Started GET "/assets/application.css?body=1" for 127.0.0.1 at 2014-10-13 12:39:28 +0100


Started GET "/assets/jquery.js?body=1" for 127.0.0.1 at 2014-10-13 12:39:28 +0100


Started GET "/assets/jquery_ujs.js?body=1" for 127.0.0.1 at 2014-10-13 12:39:28 +0100


Started GET "/assets/application.js?body=1" for 127.0.0.1 at 2014-10-13 12:39:28 +0100


Started GET "/assets/turbolinks.js?body=1" for 127.0.0.1 at 2014-10-13 12:39:28 +0100


Started GET "/contacts" for 127.0.0.1 at 2014-10-13 12:39:34 +0100
Processing by SalesforceController#contacts as HTML
  [1m[35mContact Load (0.4ms)[0m  SELECT "salesforce"."contact".* FROM "salesforce"."contact"
  Rendered salesforce/contacts.html.erb within layouts/application (7.0ms)
  [1m[36mUser Load (0.4ms)[0m  [1mSELECT "users".* FROM "users"[0m
Completed 200 OK in 30ms (Views: 29.0ms | ActiveRecord: 0.8ms)


Started GET "/assets/jquery_ujs.js?body=1" for 127.0.0.1 at 2014-10-13 12:39:34 +0100


Started GET "/assets/turbolinks.js?body=1" for 127.0.0.1 at 2014-10-13 12:39:34 +0100


Started GET "/assets/application.css?body=1" for 127.0.0.1 at 2014-10-13 12:39:34 +0100


Started GET "/assets/jquery.js?body=1" for 127.0.0.1 at 2014-10-13 12:39:34 +0100


Started GET "/assets/user.css?body=1" for 127.0.0.1 at 2014-10-13 12:39:34 +0100


Started GET "/assets/user.js?body=1" for 127.0.0.1 at 2014-10-13 12:39:34 +0100


Started GET "/assets/application.js?body=1" for 127.0.0.1 at 2014-10-13 12:39:34 +0100


Started GET "/contacts" for 127.0.0.1 at 2014-10-13 12:41:09 +0100
  [1m[36mActiveRecord::SchemaMigration Load (0.4ms)[0m  [1mSELECT "schema_migrations".* FROM "schema_migrations"[0m
Processing by SalesforceController#contacts as HTML
  [1m[35mContact Load (0.9ms)[0m  SELECT "salesforce"."contact".* FROM "salesforce"."contact"
  Rendered salesforce/contacts.html.erb within layouts/application (29.1ms)
  [1m[36mUser Load (0.6ms)[0m  [1mSELECT "users".* FROM "users"[0m
Completed 200 OK in 93ms (Views: 73.7ms | ActiveRecord: 9.3ms)


Started GET "/contacts" for 127.0.0.1 at 2014-10-13 12:41:23 +0100
Processing by SalesforceController#contacts as HTML
  [1m[35mContact Load (0.4ms)[0m  SELECT "salesforce"."contact".* FROM "salesforce"."contact"
  Rendered salesforce/contacts.html.erb within layouts/application (8.8ms)
  [1m[36mUser Load (0.4ms)[0m  [1mSELECT "users".* FROM "users"[0m
Completed 200 OK in 45ms (Views: 43.9ms | ActiveRecord: 0.8ms)


Started GET "/assets/user.css?body=1" for 127.0.0.1 at 2014-10-13 12:41:23 +0100


Started GET "/assets/jquery.js?body=1" for 127.0.0.1 at 2014-10-13 12:41:23 +0100


Started GET "/assets/application.css?body=1" for 127.0.0.1 at 2014-10-13 12:41:23 +0100


Started GET "/assets/jquery_ujs.js?body=1" for 127.0.0.1 at 2014-10-13 12:41:23 +0100


Started GET "/assets/turbolinks.js?body=1" for 127.0.0.1 at 2014-10-13 12:41:23 +0100


Started GET "/assets/user.js?body=1" for 127.0.0.1 at 2014-10-13 12:41:23 +0100


Started GET "/assets/application.js?body=1" for 127.0.0.1 at 2014-10-13 12:41:23 +0100


Started GET "/contacts" for 127.0.0.1 at 2014-10-13 12:41:54 +0100
Processing by SalesforceController#contacts as HTML
  [1m[35mContact Load (0.4ms)[0m  SELECT "salesforce"."contact".* FROM "salesforce"."contact"
  Rendered salesforce/contacts.html.erb within layouts/application (8.3ms)
Completed 200 OK in 34ms (Views: 32.5ms | ActiveRecord: 0.4ms)


Started GET "/assets/user.css?body=1" for 127.0.0.1 at 2014-10-13 12:41:54 +0100


Started GET "/assets/jquery.js?body=1" for 127.0.0.1 at 2014-10-13 12:41:54 +0100


Started GET "/assets/application.css?body=1" for 127.0.0.1 at 2014-10-13 12:41:54 +0100


Started GET "/assets/user.js?body=1" for 127.0.0.1 at 2014-10-13 12:41:54 +0100


Started GET "/assets/jquery_ujs.js?body=1" for 127.0.0.1 at 2014-10-13 12:41:54 +0100


Started GET "/assets/turbolinks.js?body=1" for 127.0.0.1 at 2014-10-13 12:41:54 +0100


Started GET "/assets/application.js?body=1" for 127.0.0.1 at 2014-10-13 12:41:54 +0100


Started GET "/" for 127.0.0.1 at 2014-10-13 12:45:33 +0100
  [1m[36mActiveRecord::SchemaMigration Load (0.4ms)[0m  [1mSELECT "schema_migrations".* FROM "schema_migrations"[0m
Processing by Rails::WelcomeController#index as HTML
  Rendered /Users/michael.scherbaum/.rvm/gems/ruby-2.1.3/gems/railties-4.1.6/lib/rails/templates/rails/welcome/index.html.erb (1.1ms)
Completed 200 OK in 13ms (Views: 4.8ms | ActiveRecord: 0.0ms)


Started GET "/contacts" for 127.0.0.1 at 2014-10-13 12:45:38 +0100
Processing by SalesforceController#contacts as HTML
  [1m[35mContact Load (1.0ms)[0m  SELECT "salesforce"."contact".* FROM "salesforce"."contact"
  Rendered salesforce/contacts.html.erb within layouts/application (32.2ms)
Completed 200 OK in 88ms (Views: 74.3ms | ActiveRecord: 9.5ms)


Started GET "/assets/application.css?body=1" for 127.0.0.1 at 2014-10-13 12:45:38 +0100


Started GET "/assets/user.css?body=1" for 127.0.0.1 at 2014-10-13 12:45:38 +0100


Started GET "/assets/jquery_ujs.js?body=1" for 127.0.0.1 at 2014-10-13 12:45:38 +0100


Started GET "/assets/turbolinks.js?body=1" for 127.0.0.1 at 2014-10-13 12:45:38 +0100


Started GET "/assets/user.js?body=1" for 127.0.0.1 at 2014-10-13 12:45:38 +0100


Started GET "/assets/jquery.js?body=1" for 127.0.0.1 at 2014-10-13 12:45:38 +0100


Started GET "/assets/application.js?body=1" for 127.0.0.1 at 2014-10-13 12:45:38 +0100


Started GET "/contacts" for 127.0.0.1 at 2014-10-13 12:45:41 +0100
Processing by SalesforceController#contacts as HTML
  [1m[36mContact Load (0.7ms)[0m  [1mSELECT "salesforce"."contact".* FROM "salesforce"."contact"[0m
  Rendered salesforce/contacts.html.erb within layouts/application (8.9ms)
Completed 200 OK in 42ms (Views: 40.7ms | ActiveRecord: 0.7ms)


Started GET "/contacts" for 127.0.0.1 at 2014-10-13 12:45:43 +0100
Processing by SalesforceController#contacts as HTML
  [1m[35mContact Load (0.4ms)[0m  SELECT "salesforce"."contact".* FROM "salesforce"."contact"
  Rendered salesforce/contacts.html.erb within layouts/application (8.1ms)
Completed 200 OK in 34ms (Views: 32.7ms | ActiveRecord: 0.4ms)


Started GET "/contacts" for 127.0.0.1 at 2014-10-13 12:45:43 +0100
Processing by SalesforceController#contacts as HTML
  [1m[36mContact Load (0.4ms)[0m  [1mSELECT "salesforce"."contact".* FROM "salesforce"."contact"[0m
  Rendered salesforce/contacts.html.erb within layouts/application (9.5ms)
Completed 200 OK in 32ms (Views: 30.9ms | ActiveRecord: 0.4ms)


Started GET "/contacts" for 127.0.0.1 at 2014-10-13 12:45:43 +0100
Processing by SalesforceController#contacts as HTML
  [1m[35mContact Load (0.5ms)[0m  SELECT "salesforce"."contact".* FROM "salesforce"."contact"
  Rendered salesforce/contacts.html.erb within layouts/application (7.7ms)
Completed 200 OK in 40ms (Views: 38.7ms | ActiveRecord: 0.5ms)


Started GET "/contacts" for 127.0.0.1 at 2014-10-13 12:45:43 +0100
Processing by SalesforceController#contacts as HTML
  [1m[36mContact Load (0.5ms)[0m  [1mSELECT "salesforce"."contact".* FROM "salesforce"."contact"[0m
  Rendered salesforce/contacts.html.erb within layouts/application (52.6ms)
Completed 200 OK in 75ms (Views: 74.5ms | ActiveRecord: 0.5ms)


Started GET "/contacts" for 127.0.0.1 at 2014-10-13 12:45:43 +0100
Processing by SalesforceController#contacts as HTML
  [1m[35mContact Load (0.4ms)[0m  SELECT "salesforce"."contact".* FROM "salesforce"."contact"
  Rendered salesforce/contacts.html.erb within layouts/application (7.8ms)
Completed 200 OK in 40ms (Views: 38.8ms | ActiveRecord: 0.4ms)


Started GET "/contacts" for 127.0.0.1 at 2014-10-13 12:45:44 +0100
Processing by SalesforceController#contacts as HTML
  [1m[36mContact Load (0.4ms)[0m  [1mSELECT "salesforce"."contact".* FROM "salesforce"."contact"[0m
  Rendered salesforce/contacts.html.erb within layouts/application (7.5ms)
Completed 200 OK in 30ms (Views: 29.3ms | ActiveRecord: 0.4ms)


Started GET "/contacts" for 127.0.0.1 at 2014-10-13 12:48:14 +0100
Processing by SalesforceController#contacts as HTML
  [1m[35mContact Load (0.8ms)[0m  SELECT "salesforce"."contact".* FROM "salesforce"."contact"
  Rendered salesforce/contacts.html.erb within layouts/application (26.1ms)
Completed 200 OK in 51ms (Views: 39.7ms | ActiveRecord: 8.2ms)


Started GET "/assets/user.css?body=1" for 127.0.0.1 at 2014-10-13 12:48:14 +0100


Started GET "/assets/application.css?body=1" for 127.0.0.1 at 2014-10-13 12:48:14 +0100


Started GET "/assets/jquery.js?body=1" for 127.0.0.1 at 2014-10-13 12:48:14 +0100


Started GET "/assets/jquery_ujs.js?body=1" for 127.0.0.1 at 2014-10-13 12:48:14 +0100


Started GET "/assets/user.js?body=1" for 127.0.0.1 at 2014-10-13 12:48:14 +0100


Started GET "/assets/turbolinks.js?body=1" for 127.0.0.1 at 2014-10-13 12:48:14 +0100


Started GET "/assets/application.js?body=1" for 127.0.0.1 at 2014-10-13 12:48:14 +0100


Started GET "/contacts" for 127.0.0.1 at 2014-10-13 12:48:22 +0100
  [1m[36mActiveRecord::SchemaMigration Load (0.4ms)[0m  [1mSELECT "schema_migrations".* FROM "schema_migrations"[0m
Processing by SalesforceController#contacts as HTML
  [1m[35mContact Load (0.8ms)[0m  SELECT "salesforce"."contact".* FROM "salesforce"."contact"
  Rendered salesforce/contacts.html.erb within layouts/application (28.3ms)
Completed 200 OK in 85ms (Views: 67.0ms | ActiveRecord: 8.1ms)


Started GET "/assets/user.css?body=1" for 127.0.0.1 at 2014-10-13 12:48:22 +0100


Started GET "/assets/jquery_ujs.js?body=1" for 127.0.0.1 at 2014-10-13 12:48:22 +0100


Started GET "/assets/application.css?body=1" for 127.0.0.1 at 2014-10-13 12:48:22 +0100


Started GET "/assets/jquery.js?body=1" for 127.0.0.1 at 2014-10-13 12:48:22 +0100


Started GET "/assets/user.js?body=1" for 127.0.0.1 at 2014-10-13 12:48:22 +0100


Started GET "/assets/turbolinks.js?body=1" for 127.0.0.1 at 2014-10-13 12:48:22 +0100


Started GET "/assets/application.js?body=1" for 127.0.0.1 at 2014-10-13 12:48:22 +0100


Started GET "/" for 127.0.0.1 at 2014-10-13 12:48:30 +0100
Processing by Rails::WelcomeController#index as HTML
  Rendered /Users/michael.scherbaum/.rvm/gems/ruby-2.1.3/gems/railties-4.1.6/lib/rails/templates/rails/welcome/index.html.erb (0.9ms)
Completed 200 OK in 3ms (Views: 2.4ms | ActiveRecord: 0.0ms)


Started GET "/contacts" for 127.0.0.1 at 2014-10-13 12:48:33 +0100
Processing by SalesforceController#contacts as HTML
  [1m[36mContact Load (0.5ms)[0m  [1mSELECT "salesforce"."contact".* FROM "salesforce"."contact"[0m
  Rendered salesforce/contacts.html.erb within layouts/application (8.9ms)
Completed 200 OK in 31ms (Views: 29.6ms | ActiveRecord: 0.5ms)


Started GET "/assets/user.css?body=1" for 127.0.0.1 at 2014-10-13 12:48:33 +0100


Started GET "/assets/user.js?body=1" for 127.0.0.1 at 2014-10-13 12:48:33 +0100


Started GET "/assets/jquery_ujs.js?body=1" for 127.0.0.1 at 2014-10-13 12:48:33 +0100


Started GET "/assets/application.css?body=1" for 127.0.0.1 at 2014-10-13 12:48:33 +0100


Started GET "/assets/jquery.js?body=1" for 127.0.0.1 at 2014-10-13 12:48:33 +0100


Started GET "/assets/turbolinks.js?body=1" for 127.0.0.1 at 2014-10-13 12:48:33 +0100


Started GET "/assets/application.js?body=1" for 127.0.0.1 at 2014-10-13 12:48:33 +0100


Started GET "/contacts" for 127.0.0.1 at 2014-10-13 12:49:17 +0100
Processing by SalesforceController#contacts as HTML
  Rendered salesforce/contacts.html.erb (1.5ms)
Completed 500 Internal Server Error in 3ms

ActionView::Template::Error (undefined method `each' for nil:NilClass):
     9:         <th>Email</th>
    10:         <th>Last Modified Date</th>
    11:     </tr>
    12:     <% @contacts.each do |contact| %>
    13:     <tr>
    14:         <td><%= contact.firstname %></td>
    15:         <td><%= contact.lastname %> </td>
  app/views/salesforce/contacts.html.erb:12:in `_app_views_salesforce_contacts_html_erb__332605671072860351_70104358546300'
  app/controllers/salesforce_controller.rb:4:in `contacts'


  Rendered /Users/michael.scherbaum/.rvm/gems/ruby-2.1.3/gems/actionpack-4.1.6/lib/action_dispatch/middleware/templates/rescues/_trace.html.erb (0.8ms)
  Rendered /Users/michael.scherbaum/.rvm/gems/ruby-2.1.3/gems/actionpack-4.1.6/lib/action_dispatch/middleware/templates/rescues/_request_and_response.html.erb (0.6ms)
  Rendered /Users/michael.scherbaum/.rvm/gems/ruby-2.1.3/gems/actionpack-4.1.6/lib/action_dispatch/middleware/templates/rescues/template_error.html.erb within rescues/layout (10.1ms)


Started GET "/" for 127.0.0.1 at 2014-10-13 12:49:46 +0100
Processing by Rails::WelcomeController#index as HTML
  Rendered /Users/michael.scherbaum/.rvm/gems/ruby-2.1.3/gems/railties-4.1.6/lib/rails/templates/rails/welcome/index.html.erb (0.1ms)
Completed 200 OK in 3ms (Views: 1.6ms | ActiveRecord: 0.0ms)


Started GET "/contacts" for 127.0.0.1 at 2014-10-13 12:49:49 +0100
Processing by SalesforceController#contacts as HTML
  [1m[35mContact Load (1.1ms)[0m  SELECT "salesforce"."contact".* FROM "salesforce"."contact"
  Rendered salesforce/contacts.html.erb (25.2ms)
Completed 200 OK in 29ms (Views: 17.4ms | ActiveRecord: 8.7ms)


Started GET "/" for 127.0.0.1 at 2014-10-13 12:50:48 +0100
Processing by Rails::WelcomeController#index as HTML
  Rendered /Users/michael.scherbaum/.rvm/gems/ruby-2.1.3/gems/railties-4.1.6/lib/rails/templates/rails/welcome/index.html.erb (0.1ms)
Completed 200 OK in 1ms (Views: 1.0ms | ActiveRecord: 0.0ms)


Started GET "/users" for 127.0.0.1 at 2014-10-13 12:50:57 +0100
Processing by UserController#all as HTML
  [1m[36mUser Load (0.7ms)[0m  [1mSELECT "users".* FROM "users"[0m
  Rendered user/all.html.erb within layouts/application (2.1ms)
Completed 200 OK in 28ms (Views: 26.9ms | ActiveRecord: 0.7ms)


Started GET "/assets/application.css?body=1" for 127.0.0.1 at 2014-10-13 12:50:57 +0100


Started GET "/assets/user.css?body=1" for 127.0.0.1 at 2014-10-13 12:50:57 +0100


Started GET "/assets/turbolinks.js?body=1" for 127.0.0.1 at 2014-10-13 12:50:57 +0100


Started GET "/assets/jquery.js?body=1" for 127.0.0.1 at 2014-10-13 12:50:57 +0100


Started GET "/assets/user.js?body=1" for 127.0.0.1 at 2014-10-13 12:50:57 +0100


Started GET "/assets/jquery_ujs.js?body=1" for 127.0.0.1 at 2014-10-13 12:50:57 +0100


Started GET "/assets/application.js?body=1" for 127.0.0.1 at 2014-10-13 12:50:57 +0100


Started GET "/users" for 127.0.0.1 at 2014-10-13 12:51:24 +0100

NoMethodError (undefined method `render' for #<Class:0x007f84e08416a8>):
  app/models/user.rb:6:in `<class:User>'
  app/models/user.rb:1:in `<top (required)>'
  config/routes.rb:2:in `block in <top (required)>'
  config/routes.rb:1:in `<top (required)>'


  Rendered /Users/michael.scherbaum/.rvm/gems/ruby-2.1.3/gems/actionpack-4.1.6/lib/action_dispatch/middleware/templates/rescues/_source.erb (0.4ms)
  Rendered /Users/michael.scherbaum/.rvm/gems/ruby-2.1.3/gems/actionpack-4.1.6/lib/action_dispatch/middleware/templates/rescues/_trace.html.erb (0.8ms)
  Rendered /Users/michael.scherbaum/.rvm/gems/ruby-2.1.3/gems/actionpack-4.1.6/lib/action_dispatch/middleware/templates/rescues/_request_and_response.html.erb (0.8ms)
  Rendered /Users/michael.scherbaum/.rvm/gems/ruby-2.1.3/gems/actionpack-4.1.6/lib/action_dispatch/middleware/templates/rescues/diagnostics.erb within rescues/layout (12.3ms)


Started GET "/users" for 127.0.0.1 at 2014-10-13 12:53:14 +0100
Processing by UserController#all as HTML
  [1m[35mUser Load (0.4ms)[0m  SELECT "users".* FROM "users"
  Rendered user/all.html.erb within layouts/application (1.1ms)
Completed 500 Internal Server Error in 36ms

ActionView::Template::Error (undefined local variable or method `salesforce_contacts' for #<#<Class:0x007f84e0bd8438>:0x007f84e0be37e8>):
    21: 
    22: <h1>Hello World</h1>
    23: 
    24: <%= link_to "View Contacts", salesforce_contacts, :class => 'navbar-link'  %>
    25: 
    26: <table>
    27: 	<thead>
  app/views/layouts/application.html.erb:24:in `_app_views_layouts_application_html_erb___752896190304606598_70104341499580'


  Rendered /Users/michael.scherbaum/.rvm/gems/ruby-2.1.3/gems/actionpack-4.1.6/lib/action_dispatch/middleware/templates/rescues/_trace.html.erb (0.8ms)
  Rendered /Users/michael.scherbaum/.rvm/gems/ruby-2.1.3/gems/actionpack-4.1.6/lib/action_dispatch/middleware/templates/rescues/_request_and_response.html.erb (0.6ms)
  Rendered /Users/michael.scherbaum/.rvm/gems/ruby-2.1.3/gems/actionpack-4.1.6/lib/action_dispatch/middleware/templates/rescues/template_error.html.erb within rescues/layout (7.8ms)


Started GET "/users" for 127.0.0.1 at 2014-10-13 12:53:33 +0100
Processing by UserController#all as HTML
  [1m[36mUser Load (0.3ms)[0m  [1mSELECT "users".* FROM "users"[0m
  Rendered user/all.html.erb within layouts/application (0.7ms)
Completed 500 Internal Server Error in 33ms

ActionView::Template::Error (undefined local variable or method `contacts' for #<#<Class:0x007f84e0bd8438>:0x007f84e28b52e0>):
    21: 
    22: <h1>Hello World</h1>
    23: 
    24: <%= link_to "View Contacts", contacts, :class => 'navbar-link'  %>
    25: 
    26: <table>
    27: 	<thead>
  app/views/layouts/application.html.erb:24:in `_app_views_layouts_application_html_erb___752896190304606598_70104356612860'


  Rendered /Users/michael.scherbaum/.rvm/gems/ruby-2.1.3/gems/actionpack-4.1.6/lib/action_dispatch/middleware/templates/rescues/_trace.html.erb (0.7ms)
  Rendered /Users/michael.scherbaum/.rvm/gems/ruby-2.1.3/gems/actionpack-4.1.6/lib/action_dispatch/middleware/templates/rescues/_request_and_response.html.erb (0.6ms)
  Rendered /Users/michael.scherbaum/.rvm/gems/ruby-2.1.3/gems/actionpack-4.1.6/lib/action_dispatch/middleware/templates/rescues/template_error.html.erb within rescues/layout (7.6ms)


Started GET "/users" for 127.0.0.1 at 2014-10-13 12:53:44 +0100
Processing by UserController#all as HTML
  [1m[35mUser Load (0.3ms)[0m  SELECT "users".* FROM "users"
  Rendered user/all.html.erb within layouts/application (0.6ms)
  [1m[36mCACHE (0.0ms)[0m  [1mSELECT "users".* FROM "users"[0m
Completed 200 OK in 25ms (Views: 24.2ms | ActiveRecord: 0.3ms)


Started GET "/assets/user.css?body=1" for 127.0.0.1 at 2014-10-13 12:53:44 +0100


Started GET "/assets/application.css?body=1" for 127.0.0.1 at 2014-10-13 12:53:44 +0100


Started GET "/assets/jquery.js?body=1" for 127.0.0.1 at 2014-10-13 12:53:44 +0100


Started GET "/assets/jquery_ujs.js?body=1" for 127.0.0.1 at 2014-10-13 12:53:44 +0100


Started GET "/assets/user.js?body=1" for 127.0.0.1 at 2014-10-13 12:53:44 +0100


Started GET "/assets/turbolinks.js?body=1" for 127.0.0.1 at 2014-10-13 12:53:44 +0100


Started GET "/assets/application.js?body=1" for 127.0.0.1 at 2014-10-13 12:53:44 +0100


Started GET "/contacts" for 127.0.0.1 at 2014-10-13 12:53:47 +0100
Processing by SalesforceController#contacts as HTML
  [1m[35mContact Load (0.8ms)[0m  SELECT "salesforce"."contact".* FROM "salesforce"."contact"
  Rendered salesforce/contacts.html.erb (29.0ms)
Completed 200 OK in 34ms (Views: 22.3ms | ActiveRecord: 8.1ms)


Started GET "/contacts" for 127.0.0.1 at 2014-10-13 12:53:47 +0100
Processing by SalesforceController#contacts as HTML
  [1m[36mContact Load (0.4ms)[0m  [1mSELECT "salesforce"."contact".* FROM "salesforce"."contact"[0m
  Rendered salesforce/contacts.html.erb (7.9ms)
Completed 200 OK in 9ms (Views: 8.3ms | ActiveRecord: 0.4ms)


Started GET "/contacts" for 127.0.0.1 at 2014-10-13 12:53:54 +0100
Processing by SalesforceController#contacts as HTML
  [1m[35mContact Load (0.5ms)[0m  SELECT "salesforce"."contact".* FROM "salesforce"."contact"
  Rendered salesforce/contacts.html.erb (9.1ms)
Completed 200 OK in 11ms (Views: 9.5ms | ActiveRecord: 0.5ms)


Started GET "/contacts" for 127.0.0.1 at 2014-10-13 12:53:54 +0100
Processing by SalesforceController#contacts as HTML
  [1m[36mContact Load (0.7ms)[0m  [1mSELECT "salesforce"."contact".* FROM "salesforce"."contact"[0m
  Rendered salesforce/contacts.html.erb (11.0ms)
Completed 200 OK in 12ms (Views: 11.1ms | ActiveRecord: 0.7ms)


Started GET "/" for 127.0.0.1 at 2014-10-13 13:00:27 +0100
  [1m[36mActiveRecord::SchemaMigration Load (0.7ms)[0m  [1mSELECT "schema_migrations".* FROM "schema_migrations"[0m
Processing by UserController#all as HTML
  [1m[35mUser Load (0.6ms)[0m  SELECT "users".* FROM "users"
  Rendered user/all.html.erb within layouts/application (2.1ms)
  [1m[36mCACHE (0.0ms)[0m  [1mSELECT "users".* FROM "users"[0m
Completed 200 OK in 73ms (Views: 63.3ms | ActiveRecord: 0.6ms)


Started GET "/assets/user.css?body=1" for 127.0.0.1 at 2014-10-13 13:00:27 +0100


Started GET "/assets/application.css?body=1" for 127.0.0.1 at 2014-10-13 13:00:27 +0100


Started GET "/assets/jquery.js?body=1" for 127.0.0.1 at 2014-10-13 13:00:27 +0100


Started GET "/assets/turbolinks.js?body=1" for 127.0.0.1 at 2014-10-13 13:00:27 +0100


Started GET "/assets/jquery_ujs.js?body=1" for 127.0.0.1 at 2014-10-13 13:00:27 +0100


Started GET "/assets/user.js?body=1" for 127.0.0.1 at 2014-10-13 13:00:27 +0100


Started GET "/assets/application.js?body=1" for 127.0.0.1 at 2014-10-13 13:00:27 +0100


Started GET "/" for 127.0.0.1 at 2014-10-13 13:55:31 +0100
  [1m[36mActiveRecord::SchemaMigration Load (1.4ms)[0m  [1mSELECT "schema_migrations".* FROM "schema_migrations"[0m
Processing by UserController#all as HTML
  [1m[35mUser Load (0.6ms)[0m  SELECT "users".* FROM "users"
  Rendered user/all.html.erb within layouts/application (2.1ms)
  [1m[36mCACHE (0.0ms)[0m  [1mSELECT "users".* FROM "users"[0m
Completed 200 OK in 73ms (Views: 62.8ms | ActiveRecord: 0.6ms)


Started GET "/assets/user.css?body=1" for 127.0.0.1 at 2014-10-13 13:55:31 +0100


Started GET "/assets/application.css?body=1" for 127.0.0.1 at 2014-10-13 13:55:31 +0100


Started GET "/assets/jquery.js?body=1" for 127.0.0.1 at 2014-10-13 13:55:31 +0100


Started GET "/assets/user.js?body=1" for 127.0.0.1 at 2014-10-13 13:55:31 +0100


Started GET "/assets/application.js?body=1" for 127.0.0.1 at 2014-10-13 13:55:31 +0100


Started GET "/assets/turbolinks.js?body=1" for 127.0.0.1 at 2014-10-13 13:55:31 +0100


Started GET "/assets/jquery_ujs.js?body=1" for 127.0.0.1 at 2014-10-13 13:55:31 +0100


Started GET "/contacts" for 127.0.0.1 at 2014-10-13 13:55:34 +0100
Processing by SalesforceController#contacts as HTML
  [1m[35mContact Load (1.1ms)[0m  SELECT "salesforce"."contact".* FROM "salesforce"."contact"
  Rendered salesforce/contacts.html.erb (40.2ms)
Completed 200 OK in 44ms (Views: 26.7ms | ActiveRecord: 14.6ms)


Started GET "/contacts" for 127.0.0.1 at 2014-10-13 13:55:34 +0100
Processing by SalesforceController#contacts as HTML
  [1m[36mContact Load (1.6ms)[0m  [1mSELECT "salesforce"."contact".* FROM "salesforce"."contact"[0m
  Rendered salesforce/contacts.html.erb (12.7ms)
Completed 200 OK in 14ms (Views: 11.9ms | ActiveRecord: 1.6ms)


Started GET "/" for 127.0.0.1 at 2014-10-15 08:18:47 +0100
  [1m[36mActiveRecord::SchemaMigration Load (0.5ms)[0m  [1mSELECT "schema_migrations".* FROM "schema_migrations"[0m
Processing by UserController#all as HTML
  [1m[35mUser Load (0.5ms)[0m  SELECT "users".* FROM "users"
  Rendered user/all.html.erb within layouts/application (2.2ms)
  [1m[36mCACHE (0.0ms)[0m  [1mSELECT "users".* FROM "users"[0m
Completed 200 OK in 98ms (Views: 87.7ms | ActiveRecord: 0.5ms)


Started GET "/assets/user.css?body=1" for 127.0.0.1 at 2014-10-15 08:18:48 +0100


Started GET "/assets/application.css?body=1" for 127.0.0.1 at 2014-10-15 08:18:48 +0100


Started GET "/assets/application.js?body=1" for 127.0.0.1 at 2014-10-15 08:18:48 +0100


Started GET "/assets/jquery.js?body=1" for 127.0.0.1 at 2014-10-15 08:18:48 +0100


Started GET "/assets/jquery_ujs.js?body=1" for 127.0.0.1 at 2014-10-15 08:18:48 +0100


Started GET "/assets/user.js?body=1" for 127.0.0.1 at 2014-10-15 08:18:48 +0100


Started GET "/assets/turbolinks.js?body=1" for 127.0.0.1 at 2014-10-15 08:18:48 +0100


Started GET "/contacts" for 127.0.0.1 at 2014-10-15 08:18:50 +0100
Processing by SalesforceController#contacts as HTML
Completed 500 Internal Server Error in 3ms

NoMethodError (undefined method `+' for nil:NilClass):
  app/models/contact.rb:2:in `<class:Contact>'
  app/models/contact.rb:1:in `<top (required)>'
  app/controllers/salesforce_controller.rb:5:in `contacts'


  Rendered /Users/michael.scherbaum/.rvm/gems/ruby-2.1.3/gems/actionpack-4.1.6/lib/action_dispatch/middleware/templates/rescues/_source.erb (0.9ms)
  Rendered /Users/michael.scherbaum/.rvm/gems/ruby-2.1.3/gems/actionpack-4.1.6/lib/action_dispatch/middleware/templates/rescues/_trace.html.erb (1.4ms)
  Rendered /Users/michael.scherbaum/.rvm/gems/ruby-2.1.3/gems/actionpack-4.1.6/lib/action_dispatch/middleware/templates/rescues/_request_and_response.html.erb (1.3ms)
  Rendered /Users/michael.scherbaum/.rvm/gems/ruby-2.1.3/gems/actionpack-4.1.6/lib/action_dispatch/middleware/templates/rescues/diagnostics.erb within rescues/layout (21.6ms)


Started GET "/contacts" for 127.0.0.1 at 2014-10-15 08:18:50 +0100
Processing by SalesforceController#contacts as HTML
Completed 500 Internal Server Error in 2ms

NoMethodError (undefined method `+' for nil:NilClass):
  app/models/contact.rb:2:in `<class:Contact>'
  app/models/contact.rb:1:in `<top (required)>'
  app/controllers/salesforce_controller.rb:5:in `contacts'


  Rendered /Users/michael.scherbaum/.rvm/gems/ruby-2.1.3/gems/actionpack-4.1.6/lib/action_dispatch/middleware/templates/rescues/_source.erb (0.4ms)
  Rendered /Users/michael.scherbaum/.rvm/gems/ruby-2.1.3/gems/actionpack-4.1.6/lib/action_dispatch/middleware/templates/rescues/_trace.html.erb (1.0ms)
  Rendered /Users/michael.scherbaum/.rvm/gems/ruby-2.1.3/gems/actionpack-4.1.6/lib/action_dispatch/middleware/templates/rescues/_request_and_response.html.erb (1.7ms)
  Rendered /Users/michael.scherbaum/.rvm/gems/ruby-2.1.3/gems/actionpack-4.1.6/lib/action_dispatch/middleware/templates/rescues/diagnostics.erb within rescues/layout (14.1ms)


Started GET "/assets/application.css?body=1" for 127.0.0.1 at 2014-10-15 08:18:53 +0100


Started GET "/assets/user.css?body=1" for 127.0.0.1 at 2014-10-15 08:18:53 +0100


Started GET "/assets/jquery_ujs.js?body=1" for 127.0.0.1 at 2014-10-15 08:18:53 +0100


Started GET "/assets/jquery.js?body=1" for 127.0.0.1 at 2014-10-15 08:18:53 +0100


Started GET "/users/sign_up" for 127.0.0.1 at 2014-10-15 08:18:54 +0100
Processing by Devise::RegistrationsController#new as HTML
  Rendered /Users/michael.scherbaum/.rvm/gems/ruby-2.1.3/gems/devise-3.4.0/app/views/devise/shared/_links.html.erb (1.3ms)
  Rendered /Users/michael.scherbaum/.rvm/gems/ruby-2.1.3/gems/devise-3.4.0/app/views/devise/registrations/new.html.erb within layouts/application (31.9ms)
  [1m[35mUser Load (0.4ms)[0m  SELECT "users".* FROM "users"
Completed 200 OK in 64ms (Views: 59.2ms | ActiveRecord: 2.7ms)


Started GET "/users/sign_in" for 127.0.0.1 at 2014-10-15 08:18:56 +0100
Processing by Devise::SessionsController#new as HTML
  Rendered /Users/michael.scherbaum/.rvm/gems/ruby-2.1.3/gems/devise-3.4.0/app/views/devise/shared/_links.html.erb (0.6ms)
  Rendered /Users/michael.scherbaum/.rvm/gems/ruby-2.1.3/gems/devise-3.4.0/app/views/devise/sessions/new.html.erb within layouts/application (9.3ms)
  [1m[36mUser Load (0.4ms)[0m  [1mSELECT "users".* FROM "users"[0m
Completed 200 OK in 50ms (Views: 46.5ms | ActiveRecord: 0.4ms)


Started GET "/contacts" for 127.0.0.1 at 2014-10-15 08:20:11 +0100
  [1m[36mActiveRecord::SchemaMigration Load (0.4ms)[0m  [1mSELECT "schema_migrations".* FROM "schema_migrations"[0m
Processing by SalesforceController#contacts as HTML
  [1m[35mContact Load (1.4ms)[0m  SELECT "salesforce"."contact".* FROM "salesforce"."contact"
  Rendered salesforce/contacts.html.erb (33.1ms)
Completed 200 OK in 46ms (Views: 27.4ms | ActiveRecord: 9.7ms)


Started GET "/contacts" for 127.0.0.1 at 2014-10-15 08:20:11 +0100
Processing by SalesforceController#contacts as HTML
  [1m[36mContact Load (0.5ms)[0m  [1mSELECT "salesforce"."contact".* FROM "salesforce"."contact"[0m
  Rendered salesforce/contacts.html.erb (12.4ms)
Completed 200 OK in 14ms (Views: 12.9ms | ActiveRecord: 0.5ms)
